[0.121s] Invoking command in '/home/nabil/ros2_ws/build/my_robot_description': CMAKE_PREFIX_PATH=${CMAKE_PREFIX_PATH}:/home/nabil/ros2_ws/install/my_robot_controller:/opt/ros/humble /usr/bin/cmake /home/nabil/ros2_ws/src/my_robot_description -DCMAKE_INSTALL_PREFIX=/home/nabil/ros2_ws/install/my_robot_description
[0.152s] -- The C compiler identification is GNU 11.4.0
[0.177s] -- The CXX compiler identification is GNU 11.4.0
[0.182s] -- Detecting C compiler ABI info
[0.211s] -- Detecting C compiler ABI info - done
[0.214s] -- Check for working C compiler: /usr/bin/cc - skipped
[0.214s] -- Detecting C compile features
[0.215s] -- Detecting C compile features - done
[0.216s] -- Detecting CXX compiler ABI info
[0.249s] -- Detecting CXX compiler ABI info - done
[0.252s] -- Check for working CXX compiler: /usr/bin/c++ - skipped
[0.252s] -- Detecting CXX compile features
[0.253s] -- Detecting CXX compile features - done
[0.256s] -- Found ament_cmake: 1.3.5 (/opt/ros/humble/share/ament_cmake/cmake)
[0.336s] -- Found Python3: /usr/bin/python3.10 (found version "3.10.12") found components: Interpreter 
[0.414s] -- Configuring done
[0.415s] -- Generating done
[0.415s] -- Build files have been written to: /home/nabil/ros2_ws/build/my_robot_description
[0.418s] Invoked command in '/home/nabil/ros2_ws/build/my_robot_description' returned '0': CMAKE_PREFIX_PATH=${CMAKE_PREFIX_PATH}:/home/nabil/ros2_ws/install/my_robot_controller:/opt/ros/humble /usr/bin/cmake /home/nabil/ros2_ws/src/my_robot_description -DCMAKE_INSTALL_PREFIX=/home/nabil/ros2_ws/install/my_robot_description
[0.418s] Invoking command in '/home/nabil/ros2_ws/build/my_robot_description': CMAKE_PREFIX_PATH=${CMAKE_PREFIX_PATH}:/home/nabil/ros2_ws/install/my_robot_controller:/opt/ros/humble /usr/bin/cmake --build /home/nabil/ros2_ws/build/my_robot_description -- -j24 -l24
[0.431s] Invoked command in '/home/nabil/ros2_ws/build/my_robot_description' returned '0': CMAKE_PREFIX_PATH=${CMAKE_PREFIX_PATH}:/home/nabil/ros2_ws/install/my_robot_controller:/opt/ros/humble /usr/bin/cmake --build /home/nabil/ros2_ws/build/my_robot_description -- -j24 -l24
[0.441s] Invoking command in '/home/nabil/ros2_ws/build/my_robot_description': CMAKE_PREFIX_PATH=${CMAKE_PREFIX_PATH}:/home/nabil/ros2_ws/install/my_robot_controller:/opt/ros/humble /usr/bin/cmake --install /home/nabil/ros2_ws/build/my_robot_description
[0.444s] -- Install configuration: ""
[0.444s] -- Installing: /home/nabil/ros2_ws/install/my_robot_description/share/my_robot_description//urdf
[0.444s] -- Installing: /home/nabil/ros2_ws/install/my_robot_description/share/my_robot_description//urdf/my_robot.urdf
[0.444s] -- Installing: /home/nabil/ros2_ws/install/my_robot_description/share/ament_index/resource_index/package_run_dependencies/my_robot_description
[0.444s] -- Installing: /home/nabil/ros2_ws/install/my_robot_description/share/ament_index/resource_index/parent_prefix_path/my_robot_description
[0.444s] -- Installing: /home/nabil/ros2_ws/install/my_robot_description/share/my_robot_description/environment/ament_prefix_path.sh
[0.444s] -- Installing: /home/nabil/ros2_ws/install/my_robot_description/share/my_robot_description/environment/ament_prefix_path.dsv
[0.444s] -- Installing: /home/nabil/ros2_ws/install/my_robot_description/share/my_robot_description/environment/path.sh
[0.444s] -- Installing: /home/nabil/ros2_ws/install/my_robot_description/share/my_robot_description/environment/path.dsv
[0.444s] -- Installing: /home/nabil/ros2_ws/install/my_robot_description/share/my_robot_description/local_setup.bash
[0.444s] -- Installing: /home/nabil/ros2_ws/install/my_robot_description/share/my_robot_description/local_setup.sh
[0.444s] -- Installing: /home/nabil/ros2_ws/install/my_robot_description/share/my_robot_description/local_setup.zsh
[0.444s] -- Installing: /home/nabil/ros2_ws/install/my_robot_description/share/my_robot_description/local_setup.dsv
[0.444s] -- Installing: /home/nabil/ros2_ws/install/my_robot_description/share/my_robot_description/package.dsv
[0.444s] -- Installing: /home/nabil/ros2_ws/install/my_robot_description/share/ament_index/resource_index/packages/my_robot_description
[0.444s] -- Installing: /home/nabil/ros2_ws/install/my_robot_description/share/my_robot_description/cmake/my_robot_descriptionConfig.cmake
[0.444s] -- Installing: /home/nabil/ros2_ws/install/my_robot_description/share/my_robot_description/cmake/my_robot_descriptionConfig-version.cmake
[0.445s] -- Installing: /home/nabil/ros2_ws/install/my_robot_description/share/my_robot_description/package.xml
[0.445s] Invoked command in '/home/nabil/ros2_ws/build/my_robot_description' returned '0': CMAKE_PREFIX_PATH=${CMAKE_PREFIX_PATH}:/home/nabil/ros2_ws/install/my_robot_controller:/opt/ros/humble /usr/bin/cmake --install /home/nabil/ros2_ws/build/my_robot_description
