[0.011s] Invoking command in '/home/nabil/ros2/ros2_ws/build/my_robot_description': CMAKE_PREFIX_PATH=${CMAKE_PREFIX_PATH}:/home/nabil/ros2/ros2_ws/install/my_robot_controller:/home/nabil/ros2_ws/install/my_robot_controller:/opt/ros/humble /usr/bin/cmake /home/nabil/ros2/ros2_ws/src/my_robot_description -DAMENT_CMAKE_SYMLINK_INSTALL=1 -DCMAKE_INSTALL_PREFIX=/home/nabil/ros2/ros2_ws/install/my_robot_description
[0.036s] -- The C compiler identification is GNU 11.4.0
[0.060s] -- The CXX compiler identification is GNU 11.4.0
[0.064s] -- Detecting C compiler ABI info
[0.093s] -- Detecting C compiler ABI info - done
[0.097s] -- Check for working C compiler: /usr/bin/cc - skipped
[0.097s] -- Detecting C compile features
[0.097s] -- Detecting C compile features - done
[0.099s] -- Detecting CXX compiler ABI info
[0.134s] -- Detecting CXX compiler ABI info - done
[0.137s] -- Check for working CXX compiler: /usr/bin/c++ - skipped
[0.137s] -- Detecting CXX compile features
[0.137s] -- Detecting CXX compile features - done
[0.139s] -- Found ament_cmake: 1.3.5 (/opt/ros/humble/share/ament_cmake/cmake)
[0.219s] -- Found Python3: /usr/bin/python3.10 (found version "3.10.12") found components: Interpreter 
[0.248s] -- Override CMake install command with custom implementation using symlinks instead of copying resources
[0.291s] -- Configuring done
[0.292s] -- Generating done
[0.292s] -- Build files have been written to: /home/nabil/ros2/ros2_ws/build/my_robot_description
[0.294s] Invoked command in '/home/nabil/ros2/ros2_ws/build/my_robot_description' returned '0': CMAKE_PREFIX_PATH=${CMAKE_PREFIX_PATH}:/home/nabil/ros2/ros2_ws/install/my_robot_controller:/home/nabil/ros2_ws/install/my_robot_controller:/opt/ros/humble /usr/bin/cmake /home/nabil/ros2/ros2_ws/src/my_robot_description -DAMENT_CMAKE_SYMLINK_INSTALL=1 -DCMAKE_INSTALL_PREFIX=/home/nabil/ros2/ros2_ws/install/my_robot_description
[0.295s] Invoking command in '/home/nabil/ros2/ros2_ws/build/my_robot_description': CMAKE_PREFIX_PATH=${CMAKE_PREFIX_PATH}:/home/nabil/ros2/ros2_ws/install/my_robot_controller:/home/nabil/ros2_ws/install/my_robot_controller:/opt/ros/humble /usr/bin/cmake --build /home/nabil/ros2/ros2_ws/build/my_robot_description -- -j24 -l24
[0.312s] Invoked command in '/home/nabil/ros2/ros2_ws/build/my_robot_description' returned '0': CMAKE_PREFIX_PATH=${CMAKE_PREFIX_PATH}:/home/nabil/ros2/ros2_ws/install/my_robot_controller:/home/nabil/ros2_ws/install/my_robot_controller:/opt/ros/humble /usr/bin/cmake --build /home/nabil/ros2/ros2_ws/build/my_robot_description -- -j24 -l24
[0.324s] Invoking command in '/home/nabil/ros2/ros2_ws/build/my_robot_description': CMAKE_PREFIX_PATH=${CMAKE_PREFIX_PATH}:/home/nabil/ros2/ros2_ws/install/my_robot_controller:/home/nabil/ros2_ws/install/my_robot_controller:/opt/ros/humble /usr/bin/cmake --install /home/nabil/ros2/ros2_ws/build/my_robot_description
[0.326s] -- Install configuration: ""
[0.327s] -- Execute custom install script
[0.327s] -- Symlinking: /home/nabil/ros2/ros2_ws/install/my_robot_description/share/my_robot_description//urdf/common_properties.xacro
[0.330s] -- Symlinking: /home/nabil/ros2/ros2_ws/install/my_robot_description/share/my_robot_description//urdf/mobile_base.xacro
[0.334s] -- Symlinking: /home/nabil/ros2/ros2_ws/install/my_robot_description/share/my_robot_description//urdf/mobile_base_gazebo.xacro
[0.337s] -- Symlinking: /home/nabil/ros2/ros2_ws/install/my_robot_description/share/my_robot_description//urdf/my_robot.urdf.xacro
[0.340s] -- Symlinking: /home/nabil/ros2/ros2_ws/install/my_robot_description/share/my_robot_description//launch/display.launch.py
[0.343s] -- Symlinking: /home/nabil/ros2/ros2_ws/install/my_robot_description/share/my_robot_description//launch/display.launch.xml
[0.347s] -- Symlinking: /home/nabil/ros2/ros2_ws/install/my_robot_description/share/my_robot_description//rviz/diff_drive_robot.rviz
[0.350s] -- Symlinking: /home/nabil/ros2/ros2_ws/install/my_robot_description/share/my_robot_description//rviz/urdf_config.rviz
[0.354s] -- Symlinking: /home/nabil/ros2/ros2_ws/install/my_robot_description/share/ament_index/resource_index/package_run_dependencies/my_robot_description
[0.357s] -- Symlinking: /home/nabil/ros2/ros2_ws/install/my_robot_description/share/ament_index/resource_index/parent_prefix_path/my_robot_description
[0.360s] -- Symlinking: /home/nabil/ros2/ros2_ws/install/my_robot_description/share/my_robot_description/environment/ament_prefix_path.sh
[0.364s] -- Symlinking: /home/nabil/ros2/ros2_ws/install/my_robot_description/share/my_robot_description/environment/ament_prefix_path.dsv
[0.368s] -- Symlinking: /home/nabil/ros2/ros2_ws/install/my_robot_description/share/my_robot_description/environment/path.sh
[0.371s] -- Symlinking: /home/nabil/ros2/ros2_ws/install/my_robot_description/share/my_robot_description/environment/path.dsv
[0.374s] -- Symlinking: /home/nabil/ros2/ros2_ws/install/my_robot_description/share/my_robot_description/local_setup.bash
[0.378s] -- Symlinking: /home/nabil/ros2/ros2_ws/install/my_robot_description/share/my_robot_description/local_setup.sh
[0.381s] -- Symlinking: /home/nabil/ros2/ros2_ws/install/my_robot_description/share/my_robot_description/local_setup.zsh
[0.385s] -- Symlinking: /home/nabil/ros2/ros2_ws/install/my_robot_description/share/my_robot_description/local_setup.dsv
[0.388s] -- Symlinking: /home/nabil/ros2/ros2_ws/install/my_robot_description/share/my_robot_description/package.dsv
[0.391s] -- Symlinking: /home/nabil/ros2/ros2_ws/install/my_robot_description/share/ament_index/resource_index/packages/my_robot_description
[0.395s] -- Symlinking: /home/nabil/ros2/ros2_ws/install/my_robot_description/share/my_robot_description/cmake/my_robot_descriptionConfig.cmake
[0.398s] -- Symlinking: /home/nabil/ros2/ros2_ws/install/my_robot_description/share/my_robot_description/cmake/my_robot_descriptionConfig-version.cmake
[0.401s] -- Symlinking: /home/nabil/ros2/ros2_ws/install/my_robot_description/share/my_robot_description/package.xml
[0.406s] Invoked command in '/home/nabil/ros2/ros2_ws/build/my_robot_description' returned '0': CMAKE_PREFIX_PATH=${CMAKE_PREFIX_PATH}:/home/nabil/ros2/ros2_ws/install/my_robot_controller:/home/nabil/ros2_ws/install/my_robot_controller:/opt/ros/humble /usr/bin/cmake --install /home/nabil/ros2/ros2_ws/build/my_robot_description
