running develop
running egg_info
writing ../../build/urdf_tutorial_r2d2/urdf_tutorial_r2d2.egg-info/PKG-INFO
writing dependency_links to ../../build/urdf_tutorial_r2d2/urdf_tutorial_r2d2.egg-info/dependency_links.txt
writing entry points to ../../build/urdf_tutorial_r2d2/urdf_tutorial_r2d2.egg-info/entry_points.txt
writing requirements to ../../build/urdf_tutorial_r2d2/urdf_tutorial_r2d2.egg-info/requires.txt
writing top-level names to ../../build/urdf_tutorial_r2d2/urdf_tutorial_r2d2.egg-info/top_level.txt
reading manifest file '../../build/urdf_tutorial_r2d2/urdf_tutorial_r2d2.egg-info/SOURCES.txt'
adding license file 'LICENSE'
writing manifest file '../../build/urdf_tutorial_r2d2/urdf_tutorial_r2d2.egg-info/SOURCES.txt'
running build
running build_py
running install
running install_lib
running install_data
copying urdf/r2d2.rviz -> /home/nabil/second_ros2_ws/install/urdf_tutorial_r2d2/share/urdf_tutorial_r2d2
copying urdf/r2d2.urdf.xml -> /home/nabil/second_ros2_ws/install/urdf_tutorial_r2d2/share/urdf_tutorial_r2d2
running install_egg_info
removing '/home/nabil/second_ros2_ws/install/urdf_tutorial_r2d2/lib/python3.10/site-packages/urdf_tutorial_r2d2-0.0.0-py3.10.egg-info' (and everything under it)
Copying ../../build/urdf_tutorial_r2d2/urdf_tutorial_r2d2.egg-info to /home/nabil/second_ros2_ws/install/urdf_tutorial_r2d2/lib/python3.10/site-packages/urdf_tutorial_r2d2-0.0.0-py3.10.egg-info
running install_scripts
Installing state_publisher script to /home/nabil/second_ros2_ws/install/urdf_tutorial_r2d2/lib/urdf_tutorial_r2d2
writing list of installed files to '/home/nabil/second_ros2_ws/build/urdf_tutorial_r2d2/install.log'
