[0.011s] Invoking command in '/home/nabil/ros2/ros2_nabil/build/my_robot_description': CMAKE_PREFIX_PATH=${CMAKE_PREFIX_PATH}:/home/nabil/ros2/ros2_ws/install/my_robot_controller:/home/nabil/Desktop/bengalbot1/bengalbot_ws/install/bengalbot_controller:/home/nabil/Desktop/bengalbot1/bengalbot_ws/install/bengalbot:/home/nabil/ros2_ws/install/my_robot_controller:/opt/ros/humble /usr/bin/cmake /home/nabil/ros2/ros2_nabil/src/my_robot_description -DCMAKE_INSTALL_PREFIX=/home/nabil/ros2/ros2_nabil/install/my_robot_description
[0.034s] -- The C compiler identification is GNU 11.4.0
[0.058s] -- The CXX compiler identification is GNU 11.4.0
[0.062s] -- Detecting C compiler ABI info
[0.091s] -- Detecting C compiler ABI info - done
[0.094s] -- Check for working C compiler: /usr/bin/cc - skipped
[0.095s] -- Detecting C compile features
[0.095s] -- Detecting C compile features - done
[0.096s] -- Detecting CXX compiler ABI info
[0.131s] -- Detecting CXX compiler ABI info - done
[0.134s] -- Check for working CXX compiler: /usr/bin/c++ - skipped
[0.135s] -- Detecting CXX compile features
[0.135s] -- Detecting CXX compile features - done
[0.136s] -- Found ament_cmake: 1.3.5 (/opt/ros/humble/share/ament_cmake/cmake)
[0.220s] -- Found Python3: /usr/bin/python3.10 (found version "3.10.12") found components: Interpreter 
[0.295s] -- Configuring done
[0.296s] -- Generating done
[0.296s] -- Build files have been written to: /home/nabil/ros2/ros2_nabil/build/my_robot_description
[0.299s] Invoked command in '/home/nabil/ros2/ros2_nabil/build/my_robot_description' returned '0': CMAKE_PREFIX_PATH=${CMAKE_PREFIX_PATH}:/home/nabil/ros2/ros2_ws/install/my_robot_controller:/home/nabil/Desktop/bengalbot1/bengalbot_ws/install/bengalbot_controller:/home/nabil/Desktop/bengalbot1/bengalbot_ws/install/bengalbot:/home/nabil/ros2_ws/install/my_robot_controller:/opt/ros/humble /usr/bin/cmake /home/nabil/ros2/ros2_nabil/src/my_robot_description -DCMAKE_INSTALL_PREFIX=/home/nabil/ros2/ros2_nabil/install/my_robot_description
[0.300s] Invoking command in '/home/nabil/ros2/ros2_nabil/build/my_robot_description': CMAKE_PREFIX_PATH=${CMAKE_PREFIX_PATH}:/home/nabil/ros2/ros2_ws/install/my_robot_controller:/home/nabil/Desktop/bengalbot1/bengalbot_ws/install/bengalbot_controller:/home/nabil/Desktop/bengalbot1/bengalbot_ws/install/bengalbot:/home/nabil/ros2_ws/install/my_robot_controller:/opt/ros/humble /usr/bin/cmake --build /home/nabil/ros2/ros2_nabil/build/my_robot_description -- -j24 -l24
[0.316s] Invoked command in '/home/nabil/ros2/ros2_nabil/build/my_robot_description' returned '0': CMAKE_PREFIX_PATH=${CMAKE_PREFIX_PATH}:/home/nabil/ros2/ros2_ws/install/my_robot_controller:/home/nabil/Desktop/bengalbot1/bengalbot_ws/install/bengalbot_controller:/home/nabil/Desktop/bengalbot1/bengalbot_ws/install/bengalbot:/home/nabil/ros2_ws/install/my_robot_controller:/opt/ros/humble /usr/bin/cmake --build /home/nabil/ros2/ros2_nabil/build/my_robot_description -- -j24 -l24
[0.328s] Invoking command in '/home/nabil/ros2/ros2_nabil/build/my_robot_description': CMAKE_PREFIX_PATH=${CMAKE_PREFIX_PATH}:/home/nabil/ros2/ros2_ws/install/my_robot_controller:/home/nabil/Desktop/bengalbot1/bengalbot_ws/install/bengalbot_controller:/home/nabil/Desktop/bengalbot1/bengalbot_ws/install/bengalbot:/home/nabil/ros2_ws/install/my_robot_controller:/opt/ros/humble /usr/bin/cmake --install /home/nabil/ros2/ros2_nabil/build/my_robot_description
[0.331s] -- Install configuration: ""
[0.331s] -- Installing: /home/nabil/ros2/ros2_nabil/install/my_robot_description/share/my_robot_description//urdf
[0.331s] -- Installing: /home/nabil/ros2/ros2_nabil/install/my_robot_description/share/my_robot_description//urdf/mobile_base.xacro
[0.332s] -- Installing: /home/nabil/ros2/ros2_nabil/install/my_robot_description/share/my_robot_description//urdf/mobile_base_gazebo.xacro
[0.332s] -- Installing: /home/nabil/ros2/ros2_nabil/install/my_robot_description/share/my_robot_description//urdf/common_properties.xacro
[0.332s] -- Installing: /home/nabil/ros2/ros2_nabil/install/my_robot_description/share/my_robot_description//urdf/my_robot.urdf.xacro
[0.332s] -- Installing: /home/nabil/ros2/ros2_nabil/install/my_robot_description/share/my_robot_description//launch
[0.332s] -- Installing: /home/nabil/ros2/ros2_nabil/install/my_robot_description/share/my_robot_description//launch/display.launch.xml
[0.332s] -- Installing: /home/nabil/ros2/ros2_nabil/install/my_robot_description/share/my_robot_description//launch/display.launch.py
[0.332s] -- Installing: /home/nabil/ros2/ros2_nabil/install/my_robot_description/share/my_robot_description//rviz
[0.332s] -- Installing: /home/nabil/ros2/ros2_nabil/install/my_robot_description/share/my_robot_description//rviz/urdf_config.rviz
[0.332s] -- Installing: /home/nabil/ros2/ros2_nabil/install/my_robot_description/share/my_robot_description//rviz/diff_drive_robot.rviz
[0.332s] -- Installing: /home/nabil/ros2/ros2_nabil/install/my_robot_description/share/my_robot_description//meshes
[0.332s] -- Installing: /home/nabil/ros2/ros2_nabil/install/my_robot_description/share/ament_index/resource_index/package_run_dependencies/my_robot_description
[0.332s] -- Installing: /home/nabil/ros2/ros2_nabil/install/my_robot_description/share/ament_index/resource_index/parent_prefix_path/my_robot_description
[0.332s] -- Installing: /home/nabil/ros2/ros2_nabil/install/my_robot_description/share/my_robot_description/environment/ament_prefix_path.sh
[0.332s] -- Installing: /home/nabil/ros2/ros2_nabil/install/my_robot_description/share/my_robot_description/environment/ament_prefix_path.dsv
[0.332s] -- Installing: /home/nabil/ros2/ros2_nabil/install/my_robot_description/share/my_robot_description/environment/path.sh
[0.332s] -- Installing: /home/nabil/ros2/ros2_nabil/install/my_robot_description/share/my_robot_description/environment/path.dsv
[0.333s] -- Installing: /home/nabil/ros2/ros2_nabil/install/my_robot_description/share/my_robot_description/local_setup.bash
[0.333s] -- Installing: /home/nabil/ros2/ros2_nabil/install/my_robot_description/share/my_robot_description/local_setup.sh
[0.333s] -- Installing: /home/nabil/ros2/ros2_nabil/install/my_robot_description/share/my_robot_description/local_setup.zsh
[0.333s] -- Installing: /home/nabil/ros2/ros2_nabil/install/my_robot_description/share/my_robot_description/local_setup.dsv
[0.333s] -- Installing: /home/nabil/ros2/ros2_nabil/install/my_robot_description/share/my_robot_description/package.dsv
[0.333s] -- Installing: /home/nabil/ros2/ros2_nabil/install/my_robot_description/share/ament_index/resource_index/packages/my_robot_description
[0.333s] -- Installing: /home/nabil/ros2/ros2_nabil/install/my_robot_description/share/my_robot_description/cmake/my_robot_descriptionConfig.cmake
[0.333s] -- Installing: /home/nabil/ros2/ros2_nabil/install/my_robot_description/share/my_robot_description/cmake/my_robot_descriptionConfig-version.cmake
[0.333s] -- Installing: /home/nabil/ros2/ros2_nabil/install/my_robot_description/share/my_robot_description/package.xml
[0.333s] Invoked command in '/home/nabil/ros2/ros2_nabil/build/my_robot_description' returned '0': CMAKE_PREFIX_PATH=${CMAKE_PREFIX_PATH}:/home/nabil/ros2/ros2_ws/install/my_robot_controller:/home/nabil/Desktop/bengalbot1/bengalbot_ws/install/bengalbot_controller:/home/nabil/Desktop/bengalbot1/bengalbot_ws/install/bengalbot:/home/nabil/ros2_ws/install/my_robot_controller:/opt/ros/humble /usr/bin/cmake --install /home/nabil/ros2/ros2_nabil/build/my_robot_description
