[0.009s] Invoking command in '/home/nabil/ros2_ws/build/my_robot_description': CMAKE_PREFIX_PATH=${CMAKE_PREFIX_PATH}:/home/nabil/ros2_ws/install/my_robot_controller:/opt/ros/humble /usr/bin/cmake --build /home/nabil/ros2_ws/build/my_robot_description -- -j24 -l24
[0.128s] Invoked command in '/home/nabil/ros2_ws/build/my_robot_description' returned '0': CMAKE_PREFIX_PATH=${CMAKE_PREFIX_PATH}:/home/nabil/ros2_ws/install/my_robot_controller:/opt/ros/humble /usr/bin/cmake --build /home/nabil/ros2_ws/build/my_robot_description -- -j24 -l24
[0.140s] Invoking command in '/home/nabil/ros2_ws/build/my_robot_description': CMAKE_PREFIX_PATH=${CMAKE_PREFIX_PATH}:/home/nabil/ros2_ws/install/my_robot_controller:/opt/ros/humble /usr/bin/cmake --install /home/nabil/ros2_ws/build/my_robot_description
[0.142s] -- Install configuration: ""
[0.143s] -- Execute custom install script
[0.143s] -- Up-to-date symlink: /home/nabil/ros2_ws/install/my_robot_description/share/my_robot_description//urdf/common_properties.xacro
[0.143s] -- Up-to-date symlink: /home/nabil/ros2_ws/install/my_robot_description/share/my_robot_description//urdf/mobile_base.xacro
[0.143s] -- Up-to-date symlink: /home/nabil/ros2_ws/install/my_robot_description/share/my_robot_description//urdf/mobile_base_gazebo.xacro
[0.143s] -- Up-to-date symlink: /home/nabil/ros2_ws/install/my_robot_description/share/my_robot_description//urdf/my_robot.urdf.xacro
[0.143s] -- Up-to-date symlink: /home/nabil/ros2_ws/install/my_robot_description/share/my_robot_description//launch/display.launch.py
[0.143s] -- Up-to-date symlink: /home/nabil/ros2_ws/install/my_robot_description/share/my_robot_description//launch/display.launch.xml
[0.143s] -- Up-to-date symlink: /home/nabil/ros2_ws/install/my_robot_description/share/my_robot_description//rviz/diff_drive_robot.rviz
[0.143s] -- Up-to-date symlink: /home/nabil/ros2_ws/install/my_robot_description/share/my_robot_description//rviz/urdf_config.rviz
[0.143s] -- Up-to-date symlink: /home/nabil/ros2_ws/install/my_robot_description/share/ament_index/resource_index/package_run_dependencies/my_robot_description
[0.143s] -- Up-to-date symlink: /home/nabil/ros2_ws/install/my_robot_description/share/ament_index/resource_index/parent_prefix_path/my_robot_description
[0.143s] -- Up-to-date symlink: /home/nabil/ros2_ws/install/my_robot_description/share/my_robot_description/environment/ament_prefix_path.sh
[0.143s] -- Up-to-date symlink: /home/nabil/ros2_ws/install/my_robot_description/share/my_robot_description/environment/ament_prefix_path.dsv
[0.143s] -- Up-to-date symlink: /home/nabil/ros2_ws/install/my_robot_description/share/my_robot_description/environment/path.sh
[0.143s] -- Up-to-date symlink: /home/nabil/ros2_ws/install/my_robot_description/share/my_robot_description/environment/path.dsv
[0.143s] -- Up-to-date symlink: /home/nabil/ros2_ws/install/my_robot_description/share/my_robot_description/local_setup.bash
[0.143s] -- Up-to-date symlink: /home/nabil/ros2_ws/install/my_robot_description/share/my_robot_description/local_setup.sh
[0.144s] -- Up-to-date symlink: /home/nabil/ros2_ws/install/my_robot_description/share/my_robot_description/local_setup.zsh
[0.144s] -- Up-to-date symlink: /home/nabil/ros2_ws/install/my_robot_description/share/my_robot_description/local_setup.dsv
[0.144s] -- Symlinking: /home/nabil/ros2_ws/install/my_robot_description/share/my_robot_description/package.dsv
[0.147s] -- Up-to-date symlink: /home/nabil/ros2_ws/install/my_robot_description/share/ament_index/resource_index/packages/my_robot_description
[0.147s] -- Up-to-date symlink: /home/nabil/ros2_ws/install/my_robot_description/share/my_robot_description/cmake/my_robot_descriptionConfig.cmake
[0.147s] -- Up-to-date symlink: /home/nabil/ros2_ws/install/my_robot_description/share/my_robot_description/cmake/my_robot_descriptionConfig-version.cmake
[0.147s] -- Up-to-date symlink: /home/nabil/ros2_ws/install/my_robot_description/share/my_robot_description/package.xml
[0.148s] Invoked command in '/home/nabil/ros2_ws/build/my_robot_description' returned '0': CMAKE_PREFIX_PATH=${CMAKE_PREFIX_PATH}:/home/nabil/ros2_ws/install/my_robot_controller:/opt/ros/humble /usr/bin/cmake --install /home/nabil/ros2_ws/build/my_robot_description
