[0.291s] Invoking command in '/home/nabil/ros2_ws/src/my_robot_controller': PYTHONPATH=/home/nabil/ros2_ws/build/my_robot_controller/prefix_override:/home/nabil/ros2_ws/install/my_robot_controller/lib/python3.10/site-packages:${PYTHONPATH} /usr/bin/python3 setup.py egg_info --egg-base ../../build/my_robot_controller build --build-base /home/nabil/ros2_ws/build/my_robot_controller/build install --record /home/nabil/ros2_ws/build/my_robot_controller/install.log --single-version-externally-managed
[0.399s] running egg_info
[0.399s] creating ../../build/my_robot_controller/my_robot_controller.egg-info
[0.399s] writing ../../build/my_robot_controller/my_robot_controller.egg-info/PKG-INFO
[0.399s] writing dependency_links to ../../build/my_robot_controller/my_robot_controller.egg-info/dependency_links.txt
[0.399s] writing entry points to ../../build/my_robot_controller/my_robot_controller.egg-info/entry_points.txt
[0.399s] writing requirements to ../../build/my_robot_controller/my_robot_controller.egg-info/requires.txt
[0.399s] writing top-level names to ../../build/my_robot_controller/my_robot_controller.egg-info/top_level.txt
[0.399s] writing manifest file '../../build/my_robot_controller/my_robot_controller.egg-info/SOURCES.txt'
[0.400s] reading manifest file '../../build/my_robot_controller/my_robot_controller.egg-info/SOURCES.txt'
[0.400s] writing manifest file '../../build/my_robot_controller/my_robot_controller.egg-info/SOURCES.txt'
[0.400s] running build
[0.400s] running build_py
[0.400s] creating /home/nabil/ros2_ws/build/my_robot_controller/build
[0.400s] creating /home/nabil/ros2_ws/build/my_robot_controller/build/lib
[0.400s] creating /home/nabil/ros2_ws/build/my_robot_controller/build/lib/my_robot_controller
[0.400s] copying my_robot_controller/diff_drive_robot.py -> /home/nabil/ros2_ws/build/my_robot_controller/build/lib/my_robot_controller
[0.400s] copying my_robot_controller/__init__.py -> /home/nabil/ros2_ws/build/my_robot_controller/build/lib/my_robot_controller
[0.400s] running install
[0.401s] running install_lib
[0.401s] creating /home/nabil/ros2_ws/install/my_robot_controller/lib/python3.10/site-packages/my_robot_controller
[0.401s] copying /home/nabil/ros2_ws/build/my_robot_controller/build/lib/my_robot_controller/diff_drive_robot.py -> /home/nabil/ros2_ws/install/my_robot_controller/lib/python3.10/site-packages/my_robot_controller
[0.401s] copying /home/nabil/ros2_ws/build/my_robot_controller/build/lib/my_robot_controller/__init__.py -> /home/nabil/ros2_ws/install/my_robot_controller/lib/python3.10/site-packages/my_robot_controller
[0.401s] byte-compiling /home/nabil/ros2_ws/install/my_robot_controller/lib/python3.10/site-packages/my_robot_controller/diff_drive_robot.py to diff_drive_robot.cpython-310.pyc
[0.403s] byte-compiling /home/nabil/ros2_ws/install/my_robot_controller/lib/python3.10/site-packages/my_robot_controller/__init__.py to __init__.cpython-310.pyc
[0.403s] running install_data
[0.403s] creating /home/nabil/ros2_ws/install/my_robot_controller/share/ament_index
[0.403s] creating /home/nabil/ros2_ws/install/my_robot_controller/share/ament_index/resource_index
[0.403s] creating /home/nabil/ros2_ws/install/my_robot_controller/share/ament_index/resource_index/packages
[0.403s] copying resource/my_robot_controller -> /home/nabil/ros2_ws/install/my_robot_controller/share/ament_index/resource_index/packages
[0.403s] copying package.xml -> /home/nabil/ros2_ws/install/my_robot_controller/share/my_robot_controller
[0.403s] running install_egg_info
[0.403s] Copying ../../build/my_robot_controller/my_robot_controller.egg-info to /home/nabil/ros2_ws/install/my_robot_controller/lib/python3.10/site-packages/my_robot_controller-0.0.0-py3.10.egg-info
[0.404s] running install_scripts
[0.413s] Installing diff_drive_robot script to /home/nabil/ros2_ws/install/my_robot_controller/lib/my_robot_controller
[0.413s] writing list of installed files to '/home/nabil/ros2_ws/build/my_robot_controller/install.log'
[0.425s] Invoked command in '/home/nabil/ros2_ws/src/my_robot_controller' returned '0': PYTHONPATH=/home/nabil/ros2_ws/build/my_robot_controller/prefix_override:/home/nabil/ros2_ws/install/my_robot_controller/lib/python3.10/site-packages:${PYTHONPATH} /usr/bin/python3 setup.py egg_info --egg-base ../../build/my_robot_controller build --build-base /home/nabil/ros2_ws/build/my_robot_controller/build install --record /home/nabil/ros2_ws/build/my_robot_controller/install.log --single-version-externally-managed
