[0.004s] Invoking command in '/home/nabil/ros2/ros2_ws/build/my_robot_bringup': CMAKE_PREFIX_PATH=/home/nabil/ros2/ros2_ws/install/my_robot_description:/home/nabil/ros2/ros2_ws/install/my_robot_bringup:/home/nabil/ros2_ws/install/my_robot_bringup:/home/nabil/ros2_ws/install/my_robot_description:/home/nabil/turtlebot3_ws/install/turtlebot3_simulations:/home/nabil/turtlebot3_ws/install/turtlebot3_gazebo:/home/nabil/turtlebot3_ws/install/turtlebot3_fake_node:/home/nabil/ros2/ros2_ws/install/my_robot_controller:/home/nabil/ros2_ws/install/my_robot_controller:/opt/ros/humble /usr/bin/cmake /home/nabil/ros2/ros2_ws/src/my_robot_bringup -DAMENT_CMAKE_SYMLINK_INSTALL=1 -DCMAKE_INSTALL_PREFIX=/home/nabil/ros2/ros2_ws/install/my_robot_bringup
[0.027s] -- The C compiler identification is GNU 11.4.0
[0.051s] -- The CXX compiler identification is GNU 11.4.0
[0.054s] -- Detecting C compiler ABI info
[0.084s] -- Detecting C compiler ABI info - done
[0.088s] -- Check for working C compiler: /usr/bin/cc - skipped
[0.088s] -- Detecting C compile features
[0.088s] -- Detecting C compile features - done
[0.089s] -- Detecting CXX compiler ABI info
[0.136s] -- Detecting CXX compiler ABI info - done
[0.139s] -- Check for working CXX compiler: /usr/bin/c++ - skipped
[0.139s] -- Detecting CXX compile features
[0.140s] -- Detecting CXX compile features - done
[0.141s] -- Found ament_cmake: 1.3.5 (/opt/ros/humble/share/ament_cmake/cmake)
[0.226s] -- Found Python3: /usr/bin/python3.10 (found version "3.10.12") found components: Interpreter 
[0.260s] -- Override CMake install command with custom implementation using symlinks instead of copying resources
[0.319s] -- Configuring done
[0.320s] -- Generating done
[0.320s] -- Build files have been written to: /home/nabil/ros2/ros2_ws/build/my_robot_bringup
[0.323s] Invoked command in '/home/nabil/ros2/ros2_ws/build/my_robot_bringup' returned '0': CMAKE_PREFIX_PATH=/home/nabil/ros2/ros2_ws/install/my_robot_description:/home/nabil/ros2/ros2_ws/install/my_robot_bringup:/home/nabil/ros2_ws/install/my_robot_bringup:/home/nabil/ros2_ws/install/my_robot_description:/home/nabil/turtlebot3_ws/install/turtlebot3_simulations:/home/nabil/turtlebot3_ws/install/turtlebot3_gazebo:/home/nabil/turtlebot3_ws/install/turtlebot3_fake_node:/home/nabil/ros2/ros2_ws/install/my_robot_controller:/home/nabil/ros2_ws/install/my_robot_controller:/opt/ros/humble /usr/bin/cmake /home/nabil/ros2/ros2_ws/src/my_robot_bringup -DAMENT_CMAKE_SYMLINK_INSTALL=1 -DCMAKE_INSTALL_PREFIX=/home/nabil/ros2/ros2_ws/install/my_robot_bringup
[0.323s] Invoking command in '/home/nabil/ros2/ros2_ws/build/my_robot_bringup': CMAKE_PREFIX_PATH=/home/nabil/ros2/ros2_ws/install/my_robot_description:/home/nabil/ros2/ros2_ws/install/my_robot_bringup:/home/nabil/ros2_ws/install/my_robot_bringup:/home/nabil/ros2_ws/install/my_robot_description:/home/nabil/turtlebot3_ws/install/turtlebot3_simulations:/home/nabil/turtlebot3_ws/install/turtlebot3_gazebo:/home/nabil/turtlebot3_ws/install/turtlebot3_fake_node:/home/nabil/ros2/ros2_ws/install/my_robot_controller:/home/nabil/ros2_ws/install/my_robot_controller:/opt/ros/humble /usr/bin/cmake --build /home/nabil/ros2/ros2_ws/build/my_robot_bringup -- -j24 -l24
[0.339s] Invoked command in '/home/nabil/ros2/ros2_ws/build/my_robot_bringup' returned '0': CMAKE_PREFIX_PATH=/home/nabil/ros2/ros2_ws/install/my_robot_description:/home/nabil/ros2/ros2_ws/install/my_robot_bringup:/home/nabil/ros2_ws/install/my_robot_bringup:/home/nabil/ros2_ws/install/my_robot_description:/home/nabil/turtlebot3_ws/install/turtlebot3_simulations:/home/nabil/turtlebot3_ws/install/turtlebot3_gazebo:/home/nabil/turtlebot3_ws/install/turtlebot3_fake_node:/home/nabil/ros2/ros2_ws/install/my_robot_controller:/home/nabil/ros2_ws/install/my_robot_controller:/opt/ros/humble /usr/bin/cmake --build /home/nabil/ros2/ros2_ws/build/my_robot_bringup -- -j24 -l24
[0.350s] Invoking command in '/home/nabil/ros2/ros2_ws/build/my_robot_bringup': CMAKE_PREFIX_PATH=/home/nabil/ros2/ros2_ws/install/my_robot_description:/home/nabil/ros2/ros2_ws/install/my_robot_bringup:/home/nabil/ros2_ws/install/my_robot_bringup:/home/nabil/ros2_ws/install/my_robot_description:/home/nabil/turtlebot3_ws/install/turtlebot3_simulations:/home/nabil/turtlebot3_ws/install/turtlebot3_gazebo:/home/nabil/turtlebot3_ws/install/turtlebot3_fake_node:/home/nabil/ros2/ros2_ws/install/my_robot_controller:/home/nabil/ros2_ws/install/my_robot_controller:/opt/ros/humble /usr/bin/cmake --install /home/nabil/ros2/ros2_ws/build/my_robot_bringup
[0.355s] -- Install configuration: ""
[0.355s] -- Execute custom install script
[0.356s] -- Symlinking: /home/nabil/ros2/ros2_ws/install/my_robot_bringup/share/my_robot_bringup//launch/diff_robot.launch.xml
[0.366s] -- Symlinking: /home/nabil/ros2/ros2_ws/install/my_robot_bringup/share/my_robot_bringup//launch/my_robot_gazebo.launch.xml
[0.374s] -- Symlinking: /home/nabil/ros2/ros2_ws/install/my_robot_bringup/share/my_robot_bringup//rviz/urdf_config.rviz
[0.378s] -- Symlinking: /home/nabil/ros2/ros2_ws/install/my_robot_bringup/share/ament_index/resource_index/package_run_dependencies/my_robot_bringup
[0.381s] -- Symlinking: /home/nabil/ros2/ros2_ws/install/my_robot_bringup/share/ament_index/resource_index/parent_prefix_path/my_robot_bringup
[0.385s] -- Symlinking: /home/nabil/ros2/ros2_ws/install/my_robot_bringup/share/my_robot_bringup/environment/ament_prefix_path.sh
[0.389s] -- Symlinking: /home/nabil/ros2/ros2_ws/install/my_robot_bringup/share/my_robot_bringup/environment/ament_prefix_path.dsv
[0.395s] -- Symlinking: /home/nabil/ros2/ros2_ws/install/my_robot_bringup/share/my_robot_bringup/environment/path.sh
[0.404s] -- Symlinking: /home/nabil/ros2/ros2_ws/install/my_robot_bringup/share/my_robot_bringup/environment/path.dsv
[0.413s] -- Symlinking: /home/nabil/ros2/ros2_ws/install/my_robot_bringup/share/my_robot_bringup/local_setup.bash
[0.418s] -- Symlinking: /home/nabil/ros2/ros2_ws/install/my_robot_bringup/share/my_robot_bringup/local_setup.sh
[0.423s] -- Symlinking: /home/nabil/ros2/ros2_ws/install/my_robot_bringup/share/my_robot_bringup/local_setup.zsh
[0.428s] -- Symlinking: /home/nabil/ros2/ros2_ws/install/my_robot_bringup/share/my_robot_bringup/local_setup.dsv
[0.433s] -- Symlinking: /home/nabil/ros2/ros2_ws/install/my_robot_bringup/share/my_robot_bringup/package.dsv
[0.438s] -- Symlinking: /home/nabil/ros2/ros2_ws/install/my_robot_bringup/share/ament_index/resource_index/packages/my_robot_bringup
[0.442s] -- Symlinking: /home/nabil/ros2/ros2_ws/install/my_robot_bringup/share/my_robot_bringup/cmake/my_robot_bringupConfig.cmake
[0.447s] -- Symlinking: /home/nabil/ros2/ros2_ws/install/my_robot_bringup/share/my_robot_bringup/cmake/my_robot_bringupConfig-version.cmake
[0.452s] -- Symlinking: /home/nabil/ros2/ros2_ws/install/my_robot_bringup/share/my_robot_bringup/package.xml
[0.458s] Invoked command in '/home/nabil/ros2/ros2_ws/build/my_robot_bringup' returned '0': CMAKE_PREFIX_PATH=/home/nabil/ros2/ros2_ws/install/my_robot_description:/home/nabil/ros2/ros2_ws/install/my_robot_bringup:/home/nabil/ros2_ws/install/my_robot_bringup:/home/nabil/ros2_ws/install/my_robot_description:/home/nabil/turtlebot3_ws/install/turtlebot3_simulations:/home/nabil/turtlebot3_ws/install/turtlebot3_gazebo:/home/nabil/turtlebot3_ws/install/turtlebot3_fake_node:/home/nabil/ros2/ros2_ws/install/my_robot_controller:/home/nabil/ros2_ws/install/my_robot_controller:/opt/ros/humble /usr/bin/cmake --install /home/nabil/ros2/ros2_ws/build/my_robot_bringup
