[0.010s] Invoking command in '/home/nabil/ros2/ros2_nabil/build/my_robot_description': CMAKE_PREFIX_PATH=${CMAKE_PREFIX_PATH}:/home/nabil/ros2/ros2_ws/install/my_robot_controller:/home/nabil/Desktop/bengalbot1/bengalbot_ws/install/bengalbot_controller:/home/nabil/Desktop/bengalbot1/bengalbot_ws/install/bengalbot:/home/nabil/ros2_ws/install/my_robot_controller:/opt/ros/humble /usr/bin/cmake /home/nabil/ros2/ros2_nabil/src/my_robot_description -DAMENT_CMAKE_SYMLINK_INSTALL=1 -DCMAKE_INSTALL_PREFIX=/home/nabil/ros2/ros2_nabil/install/my_robot_description
[0.016s] -- Found ament_cmake: 1.3.5 (/opt/ros/humble/share/ament_cmake/cmake)
[0.082s] -- Override CMake install command with custom implementation using symlinks instead of copying resources
[0.116s] -- Configuring done
[0.116s] -- Generating done
[0.117s] -- Build files have been written to: /home/nabil/ros2/ros2_nabil/build/my_robot_description
[0.132s] Invoked command in '/home/nabil/ros2/ros2_nabil/build/my_robot_description' returned '0': CMAKE_PREFIX_PATH=${CMAKE_PREFIX_PATH}:/home/nabil/ros2/ros2_ws/install/my_robot_controller:/home/nabil/Desktop/bengalbot1/bengalbot_ws/install/bengalbot_controller:/home/nabil/Desktop/bengalbot1/bengalbot_ws/install/bengalbot:/home/nabil/ros2_ws/install/my_robot_controller:/opt/ros/humble /usr/bin/cmake /home/nabil/ros2/ros2_nabil/src/my_robot_description -DAMENT_CMAKE_SYMLINK_INSTALL=1 -DCMAKE_INSTALL_PREFIX=/home/nabil/ros2/ros2_nabil/install/my_robot_description
[0.132s] Invoking command in '/home/nabil/ros2/ros2_nabil/build/my_robot_description': CMAKE_PREFIX_PATH=${CMAKE_PREFIX_PATH}:/home/nabil/ros2/ros2_ws/install/my_robot_controller:/home/nabil/Desktop/bengalbot1/bengalbot_ws/install/bengalbot_controller:/home/nabil/Desktop/bengalbot1/bengalbot_ws/install/bengalbot:/home/nabil/ros2_ws/install/my_robot_controller:/opt/ros/humble /usr/bin/cmake --build /home/nabil/ros2/ros2_nabil/build/my_robot_description -- -j24 -l24
[0.149s] Invoked command in '/home/nabil/ros2/ros2_nabil/build/my_robot_description' returned '0': CMAKE_PREFIX_PATH=${CMAKE_PREFIX_PATH}:/home/nabil/ros2/ros2_ws/install/my_robot_controller:/home/nabil/Desktop/bengalbot1/bengalbot_ws/install/bengalbot_controller:/home/nabil/Desktop/bengalbot1/bengalbot_ws/install/bengalbot:/home/nabil/ros2_ws/install/my_robot_controller:/opt/ros/humble /usr/bin/cmake --build /home/nabil/ros2/ros2_nabil/build/my_robot_description -- -j24 -l24
[0.161s] Invoking command in '/home/nabil/ros2/ros2_nabil/build/my_robot_description': CMAKE_PREFIX_PATH=${CMAKE_PREFIX_PATH}:/home/nabil/ros2/ros2_ws/install/my_robot_controller:/home/nabil/Desktop/bengalbot1/bengalbot_ws/install/bengalbot_controller:/home/nabil/Desktop/bengalbot1/bengalbot_ws/install/bengalbot:/home/nabil/ros2_ws/install/my_robot_controller:/opt/ros/humble /usr/bin/cmake --install /home/nabil/ros2/ros2_nabil/build/my_robot_description
[0.164s] -- Install configuration: ""
[0.164s] -- Execute custom install script
[0.164s] -- Symlinking: /home/nabil/ros2/ros2_nabil/install/my_robot_description/share/my_robot_description//urdf/common_properties.xacro
[0.167s] -- Symlinking: /home/nabil/ros2/ros2_nabil/install/my_robot_description/share/my_robot_description//urdf/mobile_base.xacro
[0.171s] -- Symlinking: /home/nabil/ros2/ros2_nabil/install/my_robot_description/share/my_robot_description//urdf/mobile_base_gazebo.xacro
[0.174s] -- Symlinking: /home/nabil/ros2/ros2_nabil/install/my_robot_description/share/my_robot_description//urdf/my_robot.urdf.xacro
[0.178s] -- Symlinking: /home/nabil/ros2/ros2_nabil/install/my_robot_description/share/my_robot_description//launch/display.launch.py
[0.181s] -- Symlinking: /home/nabil/ros2/ros2_nabil/install/my_robot_description/share/my_robot_description//launch/display.launch.xml
[0.184s] -- Symlinking: /home/nabil/ros2/ros2_nabil/install/my_robot_description/share/my_robot_description//rviz/diff_drive_robot.rviz
[0.188s] -- Symlinking: /home/nabil/ros2/ros2_nabil/install/my_robot_description/share/my_robot_description//rviz/urdf_config.rviz
[0.191s] -- Symlinking: /home/nabil/ros2/ros2_nabil/install/my_robot_description/share/ament_index/resource_index/package_run_dependencies/my_robot_description
[0.195s] -- Symlinking: /home/nabil/ros2/ros2_nabil/install/my_robot_description/share/ament_index/resource_index/parent_prefix_path/my_robot_description
[0.198s] -- Symlinking: /home/nabil/ros2/ros2_nabil/install/my_robot_description/share/my_robot_description/environment/ament_prefix_path.sh
[0.202s] -- Symlinking: /home/nabil/ros2/ros2_nabil/install/my_robot_description/share/my_robot_description/environment/ament_prefix_path.dsv
[0.205s] -- Symlinking: /home/nabil/ros2/ros2_nabil/install/my_robot_description/share/my_robot_description/environment/path.sh
[0.209s] -- Symlinking: /home/nabil/ros2/ros2_nabil/install/my_robot_description/share/my_robot_description/environment/path.dsv
[0.212s] -- Symlinking: /home/nabil/ros2/ros2_nabil/install/my_robot_description/share/my_robot_description/local_setup.bash
[0.215s] -- Symlinking: /home/nabil/ros2/ros2_nabil/install/my_robot_description/share/my_robot_description/local_setup.sh
[0.219s] -- Symlinking: /home/nabil/ros2/ros2_nabil/install/my_robot_description/share/my_robot_description/local_setup.zsh
[0.222s] -- Symlinking: /home/nabil/ros2/ros2_nabil/install/my_robot_description/share/my_robot_description/local_setup.dsv
[0.226s] -- Symlinking: /home/nabil/ros2/ros2_nabil/install/my_robot_description/share/my_robot_description/package.dsv
[0.229s] -- Symlinking: /home/nabil/ros2/ros2_nabil/install/my_robot_description/share/ament_index/resource_index/packages/my_robot_description
[0.233s] -- Symlinking: /home/nabil/ros2/ros2_nabil/install/my_robot_description/share/my_robot_description/cmake/my_robot_descriptionConfig.cmake
[0.236s] -- Symlinking: /home/nabil/ros2/ros2_nabil/install/my_robot_description/share/my_robot_description/cmake/my_robot_descriptionConfig-version.cmake
[0.239s] -- Symlinking: /home/nabil/ros2/ros2_nabil/install/my_robot_description/share/my_robot_description/package.xml
[0.244s] Invoked command in '/home/nabil/ros2/ros2_nabil/build/my_robot_description' returned '0': CMAKE_PREFIX_PATH=${CMAKE_PREFIX_PATH}:/home/nabil/ros2/ros2_ws/install/my_robot_controller:/home/nabil/Desktop/bengalbot1/bengalbot_ws/install/bengalbot_controller:/home/nabil/Desktop/bengalbot1/bengalbot_ws/install/bengalbot:/home/nabil/ros2_ws/install/my_robot_controller:/opt/ros/humble /usr/bin/cmake --install /home/nabil/ros2/ros2_nabil/build/my_robot_description
