[0.120s] Invoking command in '/home/nabil/ros2_ws/build/my_robot_description': CMAKE_PREFIX_PATH=${CMAKE_PREFIX_PATH}:/home/nabil/ros2_ws/install/my_robot_controller:/opt/ros/humble /usr/bin/cmake --build /home/nabil/ros2_ws/build/my_robot_description -- -j24 -l24
[0.130s] -- Found ament_cmake: 1.3.5 (/opt/ros/humble/share/ament_cmake/cmake)
[0.192s] -- Override CMake install command with custom implementation using symlinks instead of copying resources
[0.223s] -- Configuring done
[0.224s] -- Generating done
[0.225s] -- Build files have been written to: /home/nabil/ros2_ws/build/my_robot_description
[0.234s] Invoked command in '/home/nabil/ros2_ws/build/my_robot_description' returned '0': CMAKE_PREFIX_PATH=${CMAKE_PREFIX_PATH}:/home/nabil/ros2_ws/install/my_robot_controller:/opt/ros/humble /usr/bin/cmake --build /home/nabil/ros2_ws/build/my_robot_description -- -j24 -l24
[0.244s] Invoking command in '/home/nabil/ros2_ws/build/my_robot_description': CMAKE_PREFIX_PATH=${CMAKE_PREFIX_PATH}:/home/nabil/ros2_ws/install/my_robot_controller:/opt/ros/humble /usr/bin/cmake --install /home/nabil/ros2_ws/build/my_robot_description
[0.247s] -- Install configuration: ""
[0.247s] -- Execute custom install script
[0.247s] -- Up-to-date symlink: /home/nabil/ros2_ws/install/my_robot_description/share/my_robot_description//urdf/my_robot.urdf
[0.247s] -- Up-to-date symlink: /home/nabil/ros2_ws/install/my_robot_description/share/my_robot_description//launch/display.launch.py
[0.247s] -- Up-to-date symlink: /home/nabil/ros2_ws/install/my_robot_description/share/my_robot_description//launch/display.launch.xml
[0.247s] -- Up-to-date symlink: /home/nabil/ros2_ws/install/my_robot_description/share/my_robot_description//rviz/urdf_config.rviz
[0.247s] -- Up-to-date symlink: /home/nabil/ros2_ws/install/my_robot_description/share/ament_index/resource_index/package_run_dependencies/my_robot_description
[0.247s] -- Up-to-date symlink: /home/nabil/ros2_ws/install/my_robot_description/share/ament_index/resource_index/parent_prefix_path/my_robot_description
[0.247s] -- Up-to-date symlink: /home/nabil/ros2_ws/install/my_robot_description/share/my_robot_description/environment/ament_prefix_path.sh
[0.248s] -- Up-to-date symlink: /home/nabil/ros2_ws/install/my_robot_description/share/my_robot_description/environment/ament_prefix_path.dsv
[0.248s] -- Up-to-date symlink: /home/nabil/ros2_ws/install/my_robot_description/share/my_robot_description/environment/path.sh
[0.248s] -- Up-to-date symlink: /home/nabil/ros2_ws/install/my_robot_description/share/my_robot_description/environment/path.dsv
[0.248s] -- Up-to-date symlink: /home/nabil/ros2_ws/install/my_robot_description/share/my_robot_description/local_setup.bash
[0.248s] -- Up-to-date symlink: /home/nabil/ros2_ws/install/my_robot_description/share/my_robot_description/local_setup.sh
[0.248s] -- Up-to-date symlink: /home/nabil/ros2_ws/install/my_robot_description/share/my_robot_description/local_setup.zsh
[0.248s] -- Up-to-date symlink: /home/nabil/ros2_ws/install/my_robot_description/share/my_robot_description/local_setup.dsv
[0.248s] -- Symlinking: /home/nabil/ros2_ws/install/my_robot_description/share/my_robot_description/package.dsv
[0.251s] -- Up-to-date symlink: /home/nabil/ros2_ws/install/my_robot_description/share/ament_index/resource_index/packages/my_robot_description
[0.251s] -- Up-to-date symlink: /home/nabil/ros2_ws/install/my_robot_description/share/my_robot_description/cmake/my_robot_descriptionConfig.cmake
[0.251s] -- Up-to-date symlink: /home/nabil/ros2_ws/install/my_robot_description/share/my_robot_description/cmake/my_robot_descriptionConfig-version.cmake
[0.251s] -- Up-to-date symlink: /home/nabil/ros2_ws/install/my_robot_description/share/my_robot_description/package.xml
[0.252s] Invoked command in '/home/nabil/ros2_ws/build/my_robot_description' returned '0': CMAKE_PREFIX_PATH=${CMAKE_PREFIX_PATH}:/home/nabil/ros2_ws/install/my_robot_controller:/opt/ros/humble /usr/bin/cmake --install /home/nabil/ros2_ws/build/my_robot_description
