running develop
Removing /home/nabil/second_ros2_ws/install/urdf_tutorial_r2d2/lib/python3.10/site-packages/urdf-tutorial-r2d2.egg-link (link to .)
running egg_info
writing ../../build/urdf_tutorial_r2d2/urdf_tutorial_r2d2.egg-info/PKG-INFO
writing dependency_links to ../../build/urdf_tutorial_r2d2/urdf_tutorial_r2d2.egg-info/dependency_links.txt
writing entry points to ../../build/urdf_tutorial_r2d2/urdf_tutorial_r2d2.egg-info/entry_points.txt
writing requirements to ../../build/urdf_tutorial_r2d2/urdf_tutorial_r2d2.egg-info/requires.txt
writing top-level names to ../../build/urdf_tutorial_r2d2/urdf_tutorial_r2d2.egg-info/top_level.txt
reading manifest file '../../build/urdf_tutorial_r2d2/urdf_tutorial_r2d2.egg-info/SOURCES.txt'
adding license file 'LICENSE'
writing manifest file '../../build/urdf_tutorial_r2d2/urdf_tutorial_r2d2.egg-info/SOURCES.txt'
running build
running build_py
creating /home/nabil/second_ros2_ws/build/urdf_tutorial_r2d2/build
creating /home/nabil/second_ros2_ws/build/urdf_tutorial_r2d2/build/lib
creating /home/nabil/second_ros2_ws/build/urdf_tutorial_r2d2/build/lib/urdf_tutorial_r2d2
copying urdf_tutorial_r2d2/__init__.py -> /home/nabil/second_ros2_ws/build/urdf_tutorial_r2d2/build/lib/urdf_tutorial_r2d2
copying urdf_tutorial_r2d2/state_publisher.py -> /home/nabil/second_ros2_ws/build/urdf_tutorial_r2d2/build/lib/urdf_tutorial_r2d2
running install
running install_lib
creating /home/nabil/second_ros2_ws/install/urdf_tutorial_r2d2/lib/python3.10/site-packages/urdf_tutorial_r2d2
copying /home/nabil/second_ros2_ws/build/urdf_tutorial_r2d2/build/lib/urdf_tutorial_r2d2/__init__.py -> /home/nabil/second_ros2_ws/install/urdf_tutorial_r2d2/lib/python3.10/site-packages/urdf_tutorial_r2d2
copying /home/nabil/second_ros2_ws/build/urdf_tutorial_r2d2/build/lib/urdf_tutorial_r2d2/state_publisher.py -> /home/nabil/second_ros2_ws/install/urdf_tutorial_r2d2/lib/python3.10/site-packages/urdf_tutorial_r2d2
byte-compiling /home/nabil/second_ros2_ws/install/urdf_tutorial_r2d2/lib/python3.10/site-packages/urdf_tutorial_r2d2/__init__.py to __init__.cpython-310.pyc
byte-compiling /home/nabil/second_ros2_ws/install/urdf_tutorial_r2d2/lib/python3.10/site-packages/urdf_tutorial_r2d2/state_publisher.py to state_publisher.cpython-310.pyc
running install_data
running install_egg_info
Copying ../../build/urdf_tutorial_r2d2/urdf_tutorial_r2d2.egg-info to /home/nabil/second_ros2_ws/install/urdf_tutorial_r2d2/lib/python3.10/site-packages/urdf_tutorial_r2d2-0.0.0-py3.10.egg-info
running install_scripts
Installing state_publisher script to /home/nabil/second_ros2_ws/install/urdf_tutorial_r2d2/lib/urdf_tutorial_r2d2
writing list of installed files to '/home/nabil/second_ros2_ws/build/urdf_tutorial_r2d2/install.log'
