[0.321s] Invoking command in '/home/nabil/ros2_ws/src/my_robot_controller': PYTHONPATH=/home/nabil/ros2_ws/build/my_robot_controller/prefix_override:/home/nabil/ros2_ws/install/my_robot_controller/lib/python3.10/site-packages:${PYTHONPATH} /usr/bin/python3 setup.py egg_info --egg-base ../../build/my_robot_controller build --build-base /home/nabil/ros2_ws/build/my_robot_controller/build install --record /home/nabil/ros2_ws/build/my_robot_controller/install.log --single-version-externally-managed
[0.422s] running egg_info
[0.422s] writing ../../build/my_robot_controller/my_robot_controller.egg-info/PKG-INFO
[0.423s] writing dependency_links to ../../build/my_robot_controller/my_robot_controller.egg-info/dependency_links.txt
[0.423s] writing entry points to ../../build/my_robot_controller/my_robot_controller.egg-info/entry_points.txt
[0.423s] writing requirements to ../../build/my_robot_controller/my_robot_controller.egg-info/requires.txt
[0.423s] writing top-level names to ../../build/my_robot_controller/my_robot_controller.egg-info/top_level.txt
[0.424s] reading manifest file '../../build/my_robot_controller/my_robot_controller.egg-info/SOURCES.txt'
[0.424s] writing manifest file '../../build/my_robot_controller/my_robot_controller.egg-info/SOURCES.txt'
[0.424s] running build
[0.425s] running build_py
[0.425s] running install
[0.425s] running install_lib
[0.425s] running install_data
[0.425s] running install_egg_info
[0.426s] removing '/home/nabil/ros2_ws/install/my_robot_controller/lib/python3.10/site-packages/my_robot_controller-0.0.0-py3.10.egg-info' (and everything under it)
[0.426s] Copying ../../build/my_robot_controller/my_robot_controller.egg-info to /home/nabil/ros2_ws/install/my_robot_controller/lib/python3.10/site-packages/my_robot_controller-0.0.0-py3.10.egg-info
[0.427s] running install_scripts
[0.435s] Installing led_control_simple script to /home/nabil/ros2_ws/install/my_robot_controller/lib/my_robot_controller
[0.435s] writing list of installed files to '/home/nabil/ros2_ws/build/my_robot_controller/install.log'
[0.445s] Invoked command in '/home/nabil/ros2_ws/src/my_robot_controller' returned '0': PYTHONPATH=/home/nabil/ros2_ws/build/my_robot_controller/prefix_override:/home/nabil/ros2_ws/install/my_robot_controller/lib/python3.10/site-packages:${PYTHONPATH} /usr/bin/python3 setup.py egg_info --egg-base ../../build/my_robot_controller build --build-base /home/nabil/ros2_ws/build/my_robot_controller/build install --record /home/nabil/ros2_ws/build/my_robot_controller/install.log --single-version-externally-managed
