[0.318s] Invoking command in '/home/nabil/ros2_ws/build/my_robot_controller': PYTHONPATH=/home/nabil/ros2_ws/build/my_robot_controller/prefix_override:/home/nabil/ros2_ws/install/my_robot_controller/lib/python3.10/site-packages:${PYTHONPATH} /usr/bin/python3 setup.py develop --uninstall --editable --build-directory /home/nabil/ros2_ws/build/my_robot_controller/build
[0.429s] running develop
[0.493s] Removing /home/nabil/ros2_ws/install/my_robot_controller/lib/python3.10/site-packages/my-robot-controller.egg-link (link to .)
[0.505s] Invoked command in '/home/nabil/ros2_ws/build/my_robot_controller' returned '0': PYTHONPATH=/home/nabil/ros2_ws/build/my_robot_controller/prefix_override:/home/nabil/ros2_ws/install/my_robot_controller/lib/python3.10/site-packages:${PYTHONPATH} /usr/bin/python3 setup.py develop --uninstall --editable --build-directory /home/nabil/ros2_ws/build/my_robot_controller/build
[0.505s] Invoking command in '/home/nabil/ros2_ws/src/my_robot_controller': PYTHONPATH=/home/nabil/ros2_ws/build/my_robot_controller/prefix_override:/home/nabil/ros2_ws/install/my_robot_controller/lib/python3.10/site-packages:${PYTHONPATH} /usr/bin/python3 setup.py egg_info --egg-base ../../build/my_robot_controller build --build-base /home/nabil/ros2_ws/build/my_robot_controller/build install --record /home/nabil/ros2_ws/build/my_robot_controller/install.log --single-version-externally-managed
[0.607s] running egg_info
[0.607s] writing ../../build/my_robot_controller/my_robot_controller.egg-info/PKG-INFO
[0.607s] writing dependency_links to ../../build/my_robot_controller/my_robot_controller.egg-info/dependency_links.txt
[0.607s] writing entry points to ../../build/my_robot_controller/my_robot_controller.egg-info/entry_points.txt
[0.607s] writing requirements to ../../build/my_robot_controller/my_robot_controller.egg-info/requires.txt
[0.607s] writing top-level names to ../../build/my_robot_controller/my_robot_controller.egg-info/top_level.txt
[0.608s] reading manifest file '../../build/my_robot_controller/my_robot_controller.egg-info/SOURCES.txt'
[0.616s] writing manifest file '../../build/my_robot_controller/my_robot_controller.egg-info/SOURCES.txt'
[0.616s] running build
[0.616s] running build_py
[0.616s] copying my_robot_controller/led_control_simple.py -> /home/nabil/ros2_ws/build/my_robot_controller/build/lib/my_robot_controller
[0.616s] running install
[0.616s] running install_lib
[0.616s] creating /home/nabil/ros2_ws/install/my_robot_controller/lib/python3.10/site-packages/my_robot_controller
[0.616s] copying /home/nabil/ros2_ws/build/my_robot_controller/build/lib/my_robot_controller/__init__.py -> /home/nabil/ros2_ws/install/my_robot_controller/lib/python3.10/site-packages/my_robot_controller
[0.617s] copying /home/nabil/ros2_ws/build/my_robot_controller/build/lib/my_robot_controller/led_control_simple.py -> /home/nabil/ros2_ws/install/my_robot_controller/lib/python3.10/site-packages/my_robot_controller
[0.617s] byte-compiling /home/nabil/ros2_ws/install/my_robot_controller/lib/python3.10/site-packages/my_robot_controller/__init__.py to __init__.cpython-310.pyc
[0.617s] byte-compiling /home/nabil/ros2_ws/install/my_robot_controller/lib/python3.10/site-packages/my_robot_controller/led_control_simple.py to led_control_simple.cpython-310.pyc
[0.617s] running install_data
[0.617s] running install_egg_info
[0.618s] Copying ../../build/my_robot_controller/my_robot_controller.egg-info to /home/nabil/ros2_ws/install/my_robot_controller/lib/python3.10/site-packages/my_robot_controller-0.0.0-py3.10.egg-info
[0.618s] running install_scripts
[0.627s] Installing led_control_simple script to /home/nabil/ros2_ws/install/my_robot_controller/lib/my_robot_controller
[0.627s] writing list of installed files to '/home/nabil/ros2_ws/build/my_robot_controller/install.log'
[0.637s] Invoked command in '/home/nabil/ros2_ws/src/my_robot_controller' returned '0': PYTHONPATH=/home/nabil/ros2_ws/build/my_robot_controller/prefix_override:/home/nabil/ros2_ws/install/my_robot_controller/lib/python3.10/site-packages:${PYTHONPATH} /usr/bin/python3 setup.py egg_info --egg-base ../../build/my_robot_controller build --build-base /home/nabil/ros2_ws/build/my_robot_controller/build install --record /home/nabil/ros2_ws/build/my_robot_controller/install.log --single-version-externally-managed
