[0.009s] Invoking command in '/home/nabil/ros2_ws/build/my_robot_description': CMAKE_PREFIX_PATH=${CMAKE_PREFIX_PATH}:/home/nabil/ros2_ws/install/my_robot_controller:/opt/ros/humble /usr/bin/cmake /home/nabil/ros2_ws/src/my_robot_description -DCMAKE_INSTALL_PREFIX=/home/nabil/ros2_ws/install/my_robot_description
[0.057s] -- The C compiler identification is GNU 11.4.0
[0.092s] -- The CXX compiler identification is GNU 11.4.0
[0.096s] -- Detecting C compiler ABI info
[0.128s] -- Detecting C compiler ABI info - done
[0.131s] -- Check for working C compiler: /usr/bin/cc - skipped
[0.131s] -- Detecting C compile features
[0.131s] -- Detecting C compile features - done
[0.133s] -- Detecting CXX compiler ABI info
[0.168s] -- Detecting CXX compiler ABI info - done
[0.172s] -- Check for working CXX compiler: /usr/bin/c++ - skipped
[0.172s] -- Detecting CXX compile features
[0.172s] -- Detecting CXX compile features - done
[0.175s] -- Found ament_cmake: 1.3.5 (/opt/ros/humble/share/ament_cmake/cmake)
[0.257s] -- Found Python3: /usr/bin/python3.10 (found version "3.10.12") found components: Interpreter 
[0.335s] -- Configuring done
[0.336s] -- Generating done
[0.336s] -- Build files have been written to: /home/nabil/ros2_ws/build/my_robot_description
[0.339s] Invoked command in '/home/nabil/ros2_ws/build/my_robot_description' returned '0': CMAKE_PREFIX_PATH=${CMAKE_PREFIX_PATH}:/home/nabil/ros2_ws/install/my_robot_controller:/opt/ros/humble /usr/bin/cmake /home/nabil/ros2_ws/src/my_robot_description -DCMAKE_INSTALL_PREFIX=/home/nabil/ros2_ws/install/my_robot_description
[0.340s] Invoking command in '/home/nabil/ros2_ws/build/my_robot_description': CMAKE_PREFIX_PATH=${CMAKE_PREFIX_PATH}:/home/nabil/ros2_ws/install/my_robot_controller:/opt/ros/humble /usr/bin/cmake --build /home/nabil/ros2_ws/build/my_robot_description -- -j24 -l24
[0.356s] Invoked command in '/home/nabil/ros2_ws/build/my_robot_description' returned '0': CMAKE_PREFIX_PATH=${CMAKE_PREFIX_PATH}:/home/nabil/ros2_ws/install/my_robot_controller:/opt/ros/humble /usr/bin/cmake --build /home/nabil/ros2_ws/build/my_robot_description -- -j24 -l24
[0.367s] Invoking command in '/home/nabil/ros2_ws/build/my_robot_description': CMAKE_PREFIX_PATH=${CMAKE_PREFIX_PATH}:/home/nabil/ros2_ws/install/my_robot_controller:/opt/ros/humble /usr/bin/cmake --install /home/nabil/ros2_ws/build/my_robot_description
[0.370s] -- Install configuration: ""
[0.370s] -- Installing: /home/nabil/ros2_ws/install/my_robot_description/share/my_robot_description//urdf
[0.370s] -- Installing: /home/nabil/ros2_ws/install/my_robot_description/share/my_robot_description//urdf/mobile_base.xacro
[0.370s] -- Installing: /home/nabil/ros2_ws/install/my_robot_description/share/my_robot_description//urdf/mobile_base_gazebo.xacro
[0.370s] -- Installing: /home/nabil/ros2_ws/install/my_robot_description/share/my_robot_description//urdf/common_properties.xacro
[0.371s] -- Installing: /home/nabil/ros2_ws/install/my_robot_description/share/my_robot_description//urdf/my_robot.urdf.xacro
[0.371s] -- Installing: /home/nabil/ros2_ws/install/my_robot_description/share/my_robot_description//launch
[0.371s] -- Installing: /home/nabil/ros2_ws/install/my_robot_description/share/my_robot_description//launch/display.launch.xml
[0.371s] -- Installing: /home/nabil/ros2_ws/install/my_robot_description/share/my_robot_description//launch/display.launch.py
[0.371s] -- Installing: /home/nabil/ros2_ws/install/my_robot_description/share/my_robot_description//rviz
[0.371s] -- Installing: /home/nabil/ros2_ws/install/my_robot_description/share/my_robot_description//rviz/urdf_config.rviz
[0.371s] -- Installing: /home/nabil/ros2_ws/install/my_robot_description/share/my_robot_description//meshes
[0.371s] -- Installing: /home/nabil/ros2_ws/install/my_robot_description/share/ament_index/resource_index/package_run_dependencies/my_robot_description
[0.371s] -- Installing: /home/nabil/ros2_ws/install/my_robot_description/share/ament_index/resource_index/parent_prefix_path/my_robot_description
[0.371s] -- Installing: /home/nabil/ros2_ws/install/my_robot_description/share/my_robot_description/environment/ament_prefix_path.sh
[0.371s] -- Installing: /home/nabil/ros2_ws/install/my_robot_description/share/my_robot_description/environment/ament_prefix_path.dsv
[0.371s] -- Installing: /home/nabil/ros2_ws/install/my_robot_description/share/my_robot_description/environment/path.sh
[0.371s] -- Installing: /home/nabil/ros2_ws/install/my_robot_description/share/my_robot_description/environment/path.dsv
[0.371s] -- Installing: /home/nabil/ros2_ws/install/my_robot_description/share/my_robot_description/local_setup.bash
[0.371s] -- Installing: /home/nabil/ros2_ws/install/my_robot_description/share/my_robot_description/local_setup.sh
[0.371s] -- Installing: /home/nabil/ros2_ws/install/my_robot_description/share/my_robot_description/local_setup.zsh
[0.371s] -- Installing: /home/nabil/ros2_ws/install/my_robot_description/share/my_robot_description/local_setup.dsv
[0.371s] -- Installing: /home/nabil/ros2_ws/install/my_robot_description/share/my_robot_description/package.dsv
[0.371s] -- Installing: /home/nabil/ros2_ws/install/my_robot_description/share/ament_index/resource_index/packages/my_robot_description
[0.371s] -- Installing: /home/nabil/ros2_ws/install/my_robot_description/share/my_robot_description/cmake/my_robot_descriptionConfig.cmake
[0.371s] -- Installing: /home/nabil/ros2_ws/install/my_robot_description/share/my_robot_description/cmake/my_robot_descriptionConfig-version.cmake
[0.371s] -- Installing: /home/nabil/ros2_ws/install/my_robot_description/share/my_robot_description/package.xml
[0.372s] Invoked command in '/home/nabil/ros2_ws/build/my_robot_description' returned '0': CMAKE_PREFIX_PATH=${CMAKE_PREFIX_PATH}:/home/nabil/ros2_ws/install/my_robot_controller:/opt/ros/humble /usr/bin/cmake --install /home/nabil/ros2_ws/build/my_robot_description
