[0.344s] Invoking command in '/home/nabil/second_ros2_ws/build/urdf_tutorial_r2d2': PYTHONPATH=/home/nabil/second_ros2_ws/build/urdf_tutorial_r2d2/prefix_override:/home/nabil/second_ros2_ws/install/urdf_tutorial_r2d2/lib/python3.10/site-packages:${PYTHONPATH} /usr/bin/python3 setup.py develop --editable --build-directory /home/nabil/second_ros2_ws/build/urdf_tutorial_r2d2/build --no-deps install_data
[0.458s] running develop
[0.529s] running egg_info
[0.529s] creating urdf_tutorial_r2d2.egg-info
[0.529s] writing urdf_tutorial_r2d2.egg-info/PKG-INFO
[0.529s] writing dependency_links to urdf_tutorial_r2d2.egg-info/dependency_links.txt
[0.529s] writing entry points to urdf_tutorial_r2d2.egg-info/entry_points.txt
[0.529s] writing requirements to urdf_tutorial_r2d2.egg-info/requires.txt
[0.529s] writing top-level names to urdf_tutorial_r2d2.egg-info/top_level.txt
[0.529s] writing manifest file 'urdf_tutorial_r2d2.egg-info/SOURCES.txt'
[0.530s] reading manifest file 'urdf_tutorial_r2d2.egg-info/SOURCES.txt'
[0.530s] writing manifest file 'urdf_tutorial_r2d2.egg-info/SOURCES.txt'
[0.530s] running build_ext
[0.530s] Creating /home/nabil/second_ros2_ws/install/urdf_tutorial_r2d2/lib/python3.10/site-packages/urdf-tutorial-r2d2.egg-link (link to .)
[0.531s] Installing state_publisher script to /home/nabil/second_ros2_ws/install/urdf_tutorial_r2d2/lib/urdf_tutorial_r2d2
[0.531s] 
[0.531s] Installed /home/nabil/second_ros2_ws/build/urdf_tutorial_r2d2
[0.531s] running install_data
[0.531s] creating /home/nabil/second_ros2_ws/install/urdf_tutorial_r2d2/share/ament_index
[0.531s] creating /home/nabil/second_ros2_ws/install/urdf_tutorial_r2d2/share/ament_index/resource_index
[0.531s] creating /home/nabil/second_ros2_ws/install/urdf_tutorial_r2d2/share/ament_index/resource_index/packages
[0.531s] copying resource/urdf_tutorial_r2d2 -> /home/nabil/second_ros2_ws/install/urdf_tutorial_r2d2/share/ament_index/resource_index/packages
[0.531s] copying package.xml -> /home/nabil/second_ros2_ws/install/urdf_tutorial_r2d2/share/urdf_tutorial_r2d2
[0.531s] creating /home/nabil/second_ros2_ws/install/urdf_tutorial_r2d2/share/urdf_tutorial_r2d2/launch
[0.531s] copying launch/demo.launch.py -> /home/nabil/second_ros2_ws/install/urdf_tutorial_r2d2/share/urdf_tutorial_r2d2/launch
[0.543s] Invoked command in '/home/nabil/second_ros2_ws/build/urdf_tutorial_r2d2' returned '0': PYTHONPATH=/home/nabil/second_ros2_ws/build/urdf_tutorial_r2d2/prefix_override:/home/nabil/second_ros2_ws/install/urdf_tutorial_r2d2/lib/python3.10/site-packages:${PYTHONPATH} /usr/bin/python3 setup.py develop --editable --build-directory /home/nabil/second_ros2_ws/build/urdf_tutorial_r2d2/build --no-deps install_data
