[0.360s] Invoking command in '/home/nabil/ros2_ws/build/my_robot_controller': PYTHONPATH=/home/nabil/ros2_ws/build/my_robot_controller/prefix_override:/home/nabil/ros2_ws/install/my_robot_controller/lib/python3.10/site-packages:${PYTHONPATH} /usr/bin/python3 setup.py develop --editable --build-directory /home/nabil/ros2_ws/build/my_robot_controller/build --no-deps install_data
[0.475s] running develop
[0.549s] running egg_info
[0.549s] writing my_robot_controller.egg-info/PKG-INFO
[0.550s] writing dependency_links to my_robot_controller.egg-info/dependency_links.txt
[0.550s] writing entry points to my_robot_controller.egg-info/entry_points.txt
[0.550s] writing requirements to my_robot_controller.egg-info/requires.txt
[0.550s] writing top-level names to my_robot_controller.egg-info/top_level.txt
[0.551s] reading manifest file 'my_robot_controller.egg-info/SOURCES.txt'
[0.551s] writing manifest file 'my_robot_controller.egg-info/SOURCES.txt'
[0.552s] running build_ext
[0.552s] Creating /home/nabil/ros2_ws/install/my_robot_controller/lib/python3.10/site-packages/my-robot-controller.egg-link (link to .)
[0.552s] Installing diff_tf script to /home/nabil/ros2_ws/install/my_robot_controller/lib/my_robot_controller
[0.552s] Installing diff_tf_pid_v3 script to /home/nabil/ros2_ws/install/my_robot_controller/lib/my_robot_controller
[0.552s] Installing diff_tf_v2 script to /home/nabil/ros2_ws/install/my_robot_controller/lib/my_robot_controller
[0.552s] Installing led_control_simple script to /home/nabil/ros2_ws/install/my_robot_controller/lib/my_robot_controller
[0.552s] Installing led_state_reader script to /home/nabil/ros2_ws/install/my_robot_controller/lib/my_robot_controller
[0.553s] 
[0.553s] Installed /home/nabil/ros2_ws/build/my_robot_controller
[0.553s] running install_data
[0.567s] Invoked command in '/home/nabil/ros2_ws/build/my_robot_controller' returned '0': PYTHONPATH=/home/nabil/ros2_ws/build/my_robot_controller/prefix_override:/home/nabil/ros2_ws/install/my_robot_controller/lib/python3.10/site-packages:${PYTHONPATH} /usr/bin/python3 setup.py develop --editable --build-directory /home/nabil/ros2_ws/build/my_robot_controller/build --no-deps install_data
