[0.004s] Invoking command in '/home/nabil/ros2_ws/build/my_robot_bringup': CMAKE_PREFIX_PATH=/home/nabil/ros2_ws/install/my_robot_description:/home/nabil/ros2_ws/install/my_robot_bringup:/home/nabil/turtlebot3_ws/install/turtlebot3_simulations:/home/nabil/turtlebot3_ws/install/turtlebot3_gazebo:/home/nabil/turtlebot3_ws/install/turtlebot3_fake_node:/home/nabil/ros2_ws/install/my_robot_controller:/opt/ros/humble /usr/bin/cmake --build /home/nabil/ros2_ws/build/my_robot_bringup -- -j24 -l24
[0.013s] -- Found ament_cmake: 1.3.5 (/opt/ros/humble/share/ament_cmake/cmake)
[0.076s] -- Override CMake install command with custom implementation using symlinks instead of copying resources
[0.109s] -- Configuring done
[0.110s] -- Generating done
[0.110s] -- Build files have been written to: /home/nabil/ros2_ws/build/my_robot_bringup
[0.120s] Invoked command in '/home/nabil/ros2_ws/build/my_robot_bringup' returned '0': CMAKE_PREFIX_PATH=/home/nabil/ros2_ws/install/my_robot_description:/home/nabil/ros2_ws/install/my_robot_bringup:/home/nabil/turtlebot3_ws/install/turtlebot3_simulations:/home/nabil/turtlebot3_ws/install/turtlebot3_gazebo:/home/nabil/turtlebot3_ws/install/turtlebot3_fake_node:/home/nabil/ros2_ws/install/my_robot_controller:/opt/ros/humble /usr/bin/cmake --build /home/nabil/ros2_ws/build/my_robot_bringup -- -j24 -l24
[0.130s] Invoking command in '/home/nabil/ros2_ws/build/my_robot_bringup': CMAKE_PREFIX_PATH=/home/nabil/ros2_ws/install/my_robot_description:/home/nabil/ros2_ws/install/my_robot_bringup:/home/nabil/turtlebot3_ws/install/turtlebot3_simulations:/home/nabil/turtlebot3_ws/install/turtlebot3_gazebo:/home/nabil/turtlebot3_ws/install/turtlebot3_fake_node:/home/nabil/ros2_ws/install/my_robot_controller:/opt/ros/humble /usr/bin/cmake --install /home/nabil/ros2_ws/build/my_robot_bringup
[0.133s] -- Install configuration: ""
[0.133s] -- Execute custom install script
[0.134s] -- Up-to-date symlink: /home/nabil/ros2_ws/install/my_robot_bringup/share/my_robot_bringup//launch/my_robot_gazebo.launch.xml
[0.134s] -- Up-to-date symlink: /home/nabil/ros2_ws/install/my_robot_bringup/share/my_robot_bringup//launch/robot.launch.xml
[0.134s] -- Up-to-date symlink: /home/nabil/ros2_ws/install/my_robot_bringup/share/my_robot_bringup//rviz/urdf_config.rviz
[0.134s] -- Up-to-date symlink: /home/nabil/ros2_ws/install/my_robot_bringup/share/ament_index/resource_index/package_run_dependencies/my_robot_bringup
[0.134s] -- Up-to-date symlink: /home/nabil/ros2_ws/install/my_robot_bringup/share/ament_index/resource_index/parent_prefix_path/my_robot_bringup
[0.134s] -- Up-to-date symlink: /home/nabil/ros2_ws/install/my_robot_bringup/share/my_robot_bringup/environment/ament_prefix_path.sh
[0.134s] -- Up-to-date symlink: /home/nabil/ros2_ws/install/my_robot_bringup/share/my_robot_bringup/environment/ament_prefix_path.dsv
[0.134s] -- Up-to-date symlink: /home/nabil/ros2_ws/install/my_robot_bringup/share/my_robot_bringup/environment/path.sh
[0.134s] -- Up-to-date symlink: /home/nabil/ros2_ws/install/my_robot_bringup/share/my_robot_bringup/environment/path.dsv
[0.134s] -- Up-to-date symlink: /home/nabil/ros2_ws/install/my_robot_bringup/share/my_robot_bringup/local_setup.bash
[0.134s] -- Up-to-date symlink: /home/nabil/ros2_ws/install/my_robot_bringup/share/my_robot_bringup/local_setup.sh
[0.134s] -- Up-to-date symlink: /home/nabil/ros2_ws/install/my_robot_bringup/share/my_robot_bringup/local_setup.zsh
[0.134s] -- Up-to-date symlink: /home/nabil/ros2_ws/install/my_robot_bringup/share/my_robot_bringup/local_setup.dsv
[0.134s] -- Symlinking: /home/nabil/ros2_ws/install/my_robot_bringup/share/my_robot_bringup/package.dsv
[0.138s] -- Up-to-date symlink: /home/nabil/ros2_ws/install/my_robot_bringup/share/ament_index/resource_index/packages/my_robot_bringup
[0.138s] -- Up-to-date symlink: /home/nabil/ros2_ws/install/my_robot_bringup/share/my_robot_bringup/cmake/my_robot_bringupConfig.cmake
[0.138s] -- Up-to-date symlink: /home/nabil/ros2_ws/install/my_robot_bringup/share/my_robot_bringup/cmake/my_robot_bringupConfig-version.cmake
[0.138s] -- Up-to-date symlink: /home/nabil/ros2_ws/install/my_robot_bringup/share/my_robot_bringup/package.xml
[0.139s] Invoked command in '/home/nabil/ros2_ws/build/my_robot_bringup' returned '0': CMAKE_PREFIX_PATH=/home/nabil/ros2_ws/install/my_robot_description:/home/nabil/ros2_ws/install/my_robot_bringup:/home/nabil/turtlebot3_ws/install/turtlebot3_simulations:/home/nabil/turtlebot3_ws/install/turtlebot3_gazebo:/home/nabil/turtlebot3_ws/install/turtlebot3_fake_node:/home/nabil/ros2_ws/install/my_robot_controller:/opt/ros/humble /usr/bin/cmake --install /home/nabil/ros2_ws/build/my_robot_bringup
