[0.121s] Invoking command in '/home/nabil/ros2_ws/build/my_robot_description': CMAKE_PREFIX_PATH=${CMAKE_PREFIX_PATH}:/home/nabil/ros2_ws/install/my_robot_controller:/opt/ros/humble /usr/bin/cmake --build /home/nabil/ros2_ws/build/my_robot_description -- -j24 -l24
[0.135s] Invoked command in '/home/nabil/ros2_ws/build/my_robot_description' returned '0': CMAKE_PREFIX_PATH=${CMAKE_PREFIX_PATH}:/home/nabil/ros2_ws/install/my_robot_controller:/opt/ros/humble /usr/bin/cmake --build /home/nabil/ros2_ws/build/my_robot_description -- -j24 -l24
[0.146s] Invoking command in '/home/nabil/ros2_ws/build/my_robot_description': CMAKE_PREFIX_PATH=${CMAKE_PREFIX_PATH}:/home/nabil/ros2_ws/install/my_robot_controller:/opt/ros/humble /usr/bin/cmake --install /home/nabil/ros2_ws/build/my_robot_description
[0.148s] -- Install configuration: ""
[0.148s] -- Up-to-date: /home/nabil/ros2_ws/install/my_robot_description/share/my_robot_description//urdf
[0.148s] -- Up-to-date: /home/nabil/ros2_ws/install/my_robot_description/share/my_robot_description//urdf/my_robot.urdf
[0.148s] -- Up-to-date: /home/nabil/ros2_ws/install/my_robot_description/share/my_robot_description//launch
[0.149s] -- Installing: /home/nabil/ros2_ws/install/my_robot_description/share/my_robot_description//launch/display.launch.xml
[0.149s] -- Up-to-date: /home/nabil/ros2_ws/install/my_robot_description/share/ament_index/resource_index/package_run_dependencies/my_robot_description
[0.149s] -- Up-to-date: /home/nabil/ros2_ws/install/my_robot_description/share/ament_index/resource_index/parent_prefix_path/my_robot_description
[0.149s] -- Up-to-date: /home/nabil/ros2_ws/install/my_robot_description/share/my_robot_description/environment/ament_prefix_path.sh
[0.149s] -- Up-to-date: /home/nabil/ros2_ws/install/my_robot_description/share/my_robot_description/environment/ament_prefix_path.dsv
[0.149s] -- Up-to-date: /home/nabil/ros2_ws/install/my_robot_description/share/my_robot_description/environment/path.sh
[0.149s] -- Up-to-date: /home/nabil/ros2_ws/install/my_robot_description/share/my_robot_description/environment/path.dsv
[0.150s] -- Up-to-date: /home/nabil/ros2_ws/install/my_robot_description/share/my_robot_description/local_setup.bash
[0.150s] -- Up-to-date: /home/nabil/ros2_ws/install/my_robot_description/share/my_robot_description/local_setup.sh
[0.150s] -- Up-to-date: /home/nabil/ros2_ws/install/my_robot_description/share/my_robot_description/local_setup.zsh
[0.150s] -- Up-to-date: /home/nabil/ros2_ws/install/my_robot_description/share/my_robot_description/local_setup.dsv
[0.150s] -- Up-to-date: /home/nabil/ros2_ws/install/my_robot_description/share/my_robot_description/package.dsv
[0.151s] -- Up-to-date: /home/nabil/ros2_ws/install/my_robot_description/share/ament_index/resource_index/packages/my_robot_description
[0.151s] -- Up-to-date: /home/nabil/ros2_ws/install/my_robot_description/share/my_robot_description/cmake/my_robot_descriptionConfig.cmake
[0.151s] -- Up-to-date: /home/nabil/ros2_ws/install/my_robot_description/share/my_robot_description/cmake/my_robot_descriptionConfig-version.cmake
[0.151s] -- Up-to-date: /home/nabil/ros2_ws/install/my_robot_description/share/my_robot_description/package.xml
[0.151s] Invoked command in '/home/nabil/ros2_ws/build/my_robot_description' returned '0': CMAKE_PREFIX_PATH=${CMAKE_PREFIX_PATH}:/home/nabil/ros2_ws/install/my_robot_controller:/opt/ros/humble /usr/bin/cmake --install /home/nabil/ros2_ws/build/my_robot_description
