running develop
Removing /home/nabil/ros2_ws/install/my_robot_controller/lib/python3.10/site-packages/my-robot-controller.egg-link (link to .)
running egg_info
writing ../../build/my_robot_controller/my_robot_controller.egg-info/PKG-INFO
writing dependency_links to ../../build/my_robot_controller/my_robot_controller.egg-info/dependency_links.txt
writing entry points to ../../build/my_robot_controller/my_robot_controller.egg-info/entry_points.txt
writing requirements to ../../build/my_robot_controller/my_robot_controller.egg-info/requires.txt
writing top-level names to ../../build/my_robot_controller/my_robot_controller.egg-info/top_level.txt
reading manifest file '../../build/my_robot_controller/my_robot_controller.egg-info/SOURCES.txt'
writing manifest file '../../build/my_robot_controller/my_robot_controller.egg-info/SOURCES.txt'
running build
running build_py
copying my_robot_controller/led_state_reader.py -> /home/nabil/ros2_ws/build/my_robot_controller/build/lib/my_robot_controller
copying my_robot_controller/led_control_simple.py -> /home/nabil/ros2_ws/build/my_robot_controller/build/lib/my_robot_controller
running install
running install_lib
creating /home/nabil/ros2_ws/install/my_robot_controller/lib/python3.10/site-packages/my_robot_controller
copying /home/nabil/ros2_ws/build/my_robot_controller/build/lib/my_robot_controller/__init__.py -> /home/nabil/ros2_ws/install/my_robot_controller/lib/python3.10/site-packages/my_robot_controller
copying /home/nabil/ros2_ws/build/my_robot_controller/build/lib/my_robot_controller/led_state_reader.py -> /home/nabil/ros2_ws/install/my_robot_controller/lib/python3.10/site-packages/my_robot_controller
copying /home/nabil/ros2_ws/build/my_robot_controller/build/lib/my_robot_controller/led_control_simple.py -> /home/nabil/ros2_ws/install/my_robot_controller/lib/python3.10/site-packages/my_robot_controller
byte-compiling /home/nabil/ros2_ws/install/my_robot_controller/lib/python3.10/site-packages/my_robot_controller/__init__.py to __init__.cpython-310.pyc
byte-compiling /home/nabil/ros2_ws/install/my_robot_controller/lib/python3.10/site-packages/my_robot_controller/led_state_reader.py to led_state_reader.cpython-310.pyc
byte-compiling /home/nabil/ros2_ws/install/my_robot_controller/lib/python3.10/site-packages/my_robot_controller/led_control_simple.py to led_control_simple.cpython-310.pyc
running install_data
running install_egg_info
Copying ../../build/my_robot_controller/my_robot_controller.egg-info to /home/nabil/ros2_ws/install/my_robot_controller/lib/python3.10/site-packages/my_robot_controller-0.0.0-py3.10.egg-info
running install_scripts
Installing led_control_simple script to /home/nabil/ros2_ws/install/my_robot_controller/lib/my_robot_controller
Installing led_state_reader script to /home/nabil/ros2_ws/install/my_robot_controller/lib/my_robot_controller
writing list of installed files to '/home/nabil/ros2_ws/build/my_robot_controller/install.log'
