[0.269s] Invoking command in '/home/nabil/ros2_ws/build/my_robot_controller': PYTHONPATH=/home/nabil/ros2_ws/build/my_robot_controller/prefix_override:/home/nabil/ros2_ws/install/my_robot_controller/lib/python3.10/site-packages:${PYTHONPATH} /usr/bin/python3 setup.py develop --uninstall --editable --build-directory /home/nabil/ros2_ws/build/my_robot_controller/build
[0.379s] running develop
[0.449s] Removing /home/nabil/ros2_ws/install/my_robot_controller/lib/python3.10/site-packages/my-robot-controller.egg-link (link to .)
[0.461s] Invoked command in '/home/nabil/ros2_ws/build/my_robot_controller' returned '0': PYTHONPATH=/home/nabil/ros2_ws/build/my_robot_controller/prefix_override:/home/nabil/ros2_ws/install/my_robot_controller/lib/python3.10/site-packages:${PYTHONPATH} /usr/bin/python3 setup.py develop --uninstall --editable --build-directory /home/nabil/ros2_ws/build/my_robot_controller/build
[0.462s] Invoking command in '/home/nabil/ros2_ws/src/my_robot_controller': PYTHONPATH=/home/nabil/ros2_ws/build/my_robot_controller/prefix_override:/home/nabil/ros2_ws/install/my_robot_controller/lib/python3.10/site-packages:${PYTHONPATH} /usr/bin/python3 setup.py egg_info --egg-base ../../build/my_robot_controller build --build-base /home/nabil/ros2_ws/build/my_robot_controller/build install --record /home/nabil/ros2_ws/build/my_robot_controller/install.log --single-version-externally-managed
[0.563s] running egg_info
[0.563s] writing ../../build/my_robot_controller/my_robot_controller.egg-info/PKG-INFO
[0.563s] writing dependency_links to ../../build/my_robot_controller/my_robot_controller.egg-info/dependency_links.txt
[0.563s] writing entry points to ../../build/my_robot_controller/my_robot_controller.egg-info/entry_points.txt
[0.563s] writing requirements to ../../build/my_robot_controller/my_robot_controller.egg-info/requires.txt
[0.563s] writing top-level names to ../../build/my_robot_controller/my_robot_controller.egg-info/top_level.txt
[0.564s] reading manifest file '../../build/my_robot_controller/my_robot_controller.egg-info/SOURCES.txt'
[0.572s] writing manifest file '../../build/my_robot_controller/my_robot_controller.egg-info/SOURCES.txt'
[0.572s] running build
[0.572s] running build_py
[0.572s] copying my_robot_controller/led_state_reader.py -> /home/nabil/ros2_ws/build/my_robot_controller/build/lib/my_robot_controller
[0.573s] copying my_robot_controller/led_control_simple.py -> /home/nabil/ros2_ws/build/my_robot_controller/build/lib/my_robot_controller
[0.573s] running install
[0.573s] running install_lib
[0.573s] creating /home/nabil/ros2_ws/install/my_robot_controller/lib/python3.10/site-packages/my_robot_controller
[0.573s] copying /home/nabil/ros2_ws/build/my_robot_controller/build/lib/my_robot_controller/__init__.py -> /home/nabil/ros2_ws/install/my_robot_controller/lib/python3.10/site-packages/my_robot_controller
[0.573s] copying /home/nabil/ros2_ws/build/my_robot_controller/build/lib/my_robot_controller/led_state_reader.py -> /home/nabil/ros2_ws/install/my_robot_controller/lib/python3.10/site-packages/my_robot_controller
[0.573s] copying /home/nabil/ros2_ws/build/my_robot_controller/build/lib/my_robot_controller/led_control_simple.py -> /home/nabil/ros2_ws/install/my_robot_controller/lib/python3.10/site-packages/my_robot_controller
[0.573s] byte-compiling /home/nabil/ros2_ws/install/my_robot_controller/lib/python3.10/site-packages/my_robot_controller/__init__.py to __init__.cpython-310.pyc
[0.573s] byte-compiling /home/nabil/ros2_ws/install/my_robot_controller/lib/python3.10/site-packages/my_robot_controller/led_state_reader.py to led_state_reader.cpython-310.pyc
[0.573s] byte-compiling /home/nabil/ros2_ws/install/my_robot_controller/lib/python3.10/site-packages/my_robot_controller/led_control_simple.py to led_control_simple.cpython-310.pyc
[0.573s] running install_data
[0.574s] running install_egg_info
[0.574s] Copying ../../build/my_robot_controller/my_robot_controller.egg-info to /home/nabil/ros2_ws/install/my_robot_controller/lib/python3.10/site-packages/my_robot_controller-0.0.0-py3.10.egg-info
[0.575s] running install_scripts
[0.583s] Installing led_control_simple script to /home/nabil/ros2_ws/install/my_robot_controller/lib/my_robot_controller
[0.583s] Installing led_state_reader script to /home/nabil/ros2_ws/install/my_robot_controller/lib/my_robot_controller
[0.584s] writing list of installed files to '/home/nabil/ros2_ws/build/my_robot_controller/install.log'
[0.595s] Invoked command in '/home/nabil/ros2_ws/src/my_robot_controller' returned '0': PYTHONPATH=/home/nabil/ros2_ws/build/my_robot_controller/prefix_override:/home/nabil/ros2_ws/install/my_robot_controller/lib/python3.10/site-packages:${PYTHONPATH} /usr/bin/python3 setup.py egg_info --egg-base ../../build/my_robot_controller build --build-base /home/nabil/ros2_ws/build/my_robot_controller/build install --record /home/nabil/ros2_ws/build/my_robot_controller/install.log --single-version-externally-managed
