[0.294s] Invoking command in '/home/nabil/ros2/ros2_ws/build/my_robot_controller': PYTHONPATH=/home/nabil/ros2/ros2_ws/build/my_robot_controller/prefix_override:/home/nabil/ros2/ros2_ws/install/my_robot_controller/lib/python3.10/site-packages:${PYTHONPATH} /usr/bin/python3 setup.py develop --editable --build-directory /home/nabil/ros2/ros2_ws/build/my_robot_controller/build --no-deps install_data
[0.411s] running develop
[0.477s] running egg_info
[0.478s] creating my_robot_controller.egg-info
[0.478s] writing my_robot_controller.egg-info/PKG-INFO
[0.478s] writing dependency_links to my_robot_controller.egg-info/dependency_links.txt
[0.478s] writing entry points to my_robot_controller.egg-info/entry_points.txt
[0.478s] writing requirements to my_robot_controller.egg-info/requires.txt
[0.478s] writing top-level names to my_robot_controller.egg-info/top_level.txt
[0.478s] writing manifest file 'my_robot_controller.egg-info/SOURCES.txt'
[0.479s] reading manifest file 'my_robot_controller.egg-info/SOURCES.txt'
[0.479s] writing manifest file 'my_robot_controller.egg-info/SOURCES.txt'
[0.480s] running build_ext
[0.480s] Creating /home/nabil/ros2/ros2_ws/install/my_robot_controller/lib/python3.10/site-packages/my-robot-controller.egg-link (link to .)
[0.480s] Installing diff_drive_robot script to /home/nabil/ros2/ros2_ws/install/my_robot_controller/lib/my_robot_controller
[0.480s] 
[0.480s] Installed /home/nabil/ros2/ros2_ws/build/my_robot_controller
[0.480s] running install_data
[0.480s] creating /home/nabil/ros2/ros2_ws/install/my_robot_controller/share/ament_index
[0.480s] creating /home/nabil/ros2/ros2_ws/install/my_robot_controller/share/ament_index/resource_index
[0.480s] creating /home/nabil/ros2/ros2_ws/install/my_robot_controller/share/ament_index/resource_index/packages
[0.480s] copying resource/my_robot_controller -> /home/nabil/ros2/ros2_ws/install/my_robot_controller/share/ament_index/resource_index/packages
[0.480s] copying package.xml -> /home/nabil/ros2/ros2_ws/install/my_robot_controller/share/my_robot_controller
[0.494s] Invoked command in '/home/nabil/ros2/ros2_ws/build/my_robot_controller' returned '0': PYTHONPATH=/home/nabil/ros2/ros2_ws/build/my_robot_controller/prefix_override:/home/nabil/ros2/ros2_ws/install/my_robot_controller/lib/python3.10/site-packages:${PYTHONPATH} /usr/bin/python3 setup.py develop --editable --build-directory /home/nabil/ros2/ros2_ws/build/my_robot_controller/build --no-deps install_data
