[0.118s] Invoking command in '/home/nabil/ros2_ws/build/my_robot_description': CMAKE_PREFIX_PATH=${CMAKE_PREFIX_PATH}:/home/nabil/ros2_ws/install/my_robot_controller:/opt/ros/humble /usr/bin/cmake /home/nabil/ros2_ws/src/my_robot_description -DAMENT_CMAKE_SYMLINK_INSTALL=1 -DCMAKE_INSTALL_PREFIX=/home/nabil/ros2_ws/install/my_robot_description
[0.133s] -- Found ament_cmake: 1.3.5 (/opt/ros/humble/share/ament_cmake/cmake)
[0.200s] -- Override CMake install command with custom implementation using symlinks instead of copying resources
[0.240s] -- Configuring done
[0.242s] -- Generating done
[0.242s] -- Build files have been written to: /home/nabil/ros2_ws/build/my_robot_description
[0.244s] Invoked command in '/home/nabil/ros2_ws/build/my_robot_description' returned '0': CMAKE_PREFIX_PATH=${CMAKE_PREFIX_PATH}:/home/nabil/ros2_ws/install/my_robot_controller:/opt/ros/humble /usr/bin/cmake /home/nabil/ros2_ws/src/my_robot_description -DAMENT_CMAKE_SYMLINK_INSTALL=1 -DCMAKE_INSTALL_PREFIX=/home/nabil/ros2_ws/install/my_robot_description
[0.244s] Invoking command in '/home/nabil/ros2_ws/build/my_robot_description': CMAKE_PREFIX_PATH=${CMAKE_PREFIX_PATH}:/home/nabil/ros2_ws/install/my_robot_controller:/opt/ros/humble /usr/bin/cmake --build /home/nabil/ros2_ws/build/my_robot_description -- -j24 -l24
[0.258s] Invoked command in '/home/nabil/ros2_ws/build/my_robot_description' returned '0': CMAKE_PREFIX_PATH=${CMAKE_PREFIX_PATH}:/home/nabil/ros2_ws/install/my_robot_controller:/opt/ros/humble /usr/bin/cmake --build /home/nabil/ros2_ws/build/my_robot_description -- -j24 -l24
[0.274s] Invoking command in '/home/nabil/ros2_ws/build/my_robot_description': CMAKE_PREFIX_PATH=${CMAKE_PREFIX_PATH}:/home/nabil/ros2_ws/install/my_robot_controller:/opt/ros/humble /usr/bin/cmake --install /home/nabil/ros2_ws/build/my_robot_description
[0.277s] -- Install configuration: ""
[0.278s] -- Execute custom install script
[0.278s] -- Up-to-date symlink: /home/nabil/ros2_ws/install/my_robot_description/share/my_robot_description//urdf/common_properties.xacro
[0.278s] -- Up-to-date symlink: /home/nabil/ros2_ws/install/my_robot_description/share/my_robot_description//urdf/mobile_base.xacro
[0.278s] -- Up-to-date symlink: /home/nabil/ros2_ws/install/my_robot_description/share/my_robot_description//urdf/my_robot.urdf.xacro
[0.279s] -- Up-to-date symlink: /home/nabil/ros2_ws/install/my_robot_description/share/my_robot_description//launch/display.launch.py
[0.279s] -- Up-to-date symlink: /home/nabil/ros2_ws/install/my_robot_description/share/my_robot_description//launch/display.launch.xml
[0.279s] -- Up-to-date symlink: /home/nabil/ros2_ws/install/my_robot_description/share/my_robot_description//rviz/urdf_config.rviz
[0.280s] -- Up-to-date symlink: /home/nabil/ros2_ws/install/my_robot_description/share/ament_index/resource_index/package_run_dependencies/my_robot_description
[0.280s] -- Up-to-date symlink: /home/nabil/ros2_ws/install/my_robot_description/share/ament_index/resource_index/parent_prefix_path/my_robot_description
[0.280s] -- Up-to-date symlink: /home/nabil/ros2_ws/install/my_robot_description/share/my_robot_description/environment/ament_prefix_path.sh
[0.280s] -- Up-to-date symlink: /home/nabil/ros2_ws/install/my_robot_description/share/my_robot_description/environment/ament_prefix_path.dsv
[0.280s] -- Up-to-date symlink: /home/nabil/ros2_ws/install/my_robot_description/share/my_robot_description/environment/path.sh
[0.280s] -- Up-to-date symlink: /home/nabil/ros2_ws/install/my_robot_description/share/my_robot_description/environment/path.dsv
[0.281s] -- Up-to-date symlink: /home/nabil/ros2_ws/install/my_robot_description/share/my_robot_description/local_setup.bash
[0.281s] -- Up-to-date symlink: /home/nabil/ros2_ws/install/my_robot_description/share/my_robot_description/local_setup.sh
[0.281s] -- Up-to-date symlink: /home/nabil/ros2_ws/install/my_robot_description/share/my_robot_description/local_setup.zsh
[0.281s] -- Up-to-date symlink: /home/nabil/ros2_ws/install/my_robot_description/share/my_robot_description/local_setup.dsv
[0.281s] -- Symlinking: /home/nabil/ros2_ws/install/my_robot_description/share/my_robot_description/package.dsv
[0.291s] -- Up-to-date symlink: /home/nabil/ros2_ws/install/my_robot_description/share/ament_index/resource_index/packages/my_robot_description
[0.291s] -- Up-to-date symlink: /home/nabil/ros2_ws/install/my_robot_description/share/my_robot_description/cmake/my_robot_descriptionConfig.cmake
[0.291s] -- Up-to-date symlink: /home/nabil/ros2_ws/install/my_robot_description/share/my_robot_description/cmake/my_robot_descriptionConfig-version.cmake
[0.291s] -- Up-to-date symlink: /home/nabil/ros2_ws/install/my_robot_description/share/my_robot_description/package.xml
[0.294s] Invoked command in '/home/nabil/ros2_ws/build/my_robot_description' returned '0': CMAKE_PREFIX_PATH=${CMAKE_PREFIX_PATH}:/home/nabil/ros2_ws/install/my_robot_controller:/opt/ros/humble /usr/bin/cmake --install /home/nabil/ros2_ws/build/my_robot_description
