[0.224s] Invoking command in '/home/nabil/ros2_ws/src/my_robot_controller': PYTHONPATH=/home/nabil/ros2_ws/build/my_robot_controller/prefix_override:/home/nabil/ros2_ws/install/my_robot_controller/lib/python3.10/site-packages:${PYTHONPATH} /usr/bin/python3 setup.py egg_info --egg-base ../../build/my_robot_controller build --build-base /home/nabil/ros2_ws/build/my_robot_controller/build install --record /home/nabil/ros2_ws/build/my_robot_controller/install.log --single-version-externally-managed
[0.314s] running egg_info
[0.314s] creating ../../build/my_robot_controller/my_robot_controller.egg-info
[0.314s] writing ../../build/my_robot_controller/my_robot_controller.egg-info/PKG-INFO
[0.314s] writing dependency_links to ../../build/my_robot_controller/my_robot_controller.egg-info/dependency_links.txt
[0.314s] writing entry points to ../../build/my_robot_controller/my_robot_controller.egg-info/entry_points.txt
[0.314s] writing requirements to ../../build/my_robot_controller/my_robot_controller.egg-info/requires.txt
[0.314s] writing top-level names to ../../build/my_robot_controller/my_robot_controller.egg-info/top_level.txt
[0.315s] writing manifest file '../../build/my_robot_controller/my_robot_controller.egg-info/SOURCES.txt'
[0.315s] reading manifest file '../../build/my_robot_controller/my_robot_controller.egg-info/SOURCES.txt'
[0.315s] writing manifest file '../../build/my_robot_controller/my_robot_controller.egg-info/SOURCES.txt'
[0.315s] running build
[0.315s] running build_py
[0.316s] creating /home/nabil/ros2_ws/build/my_robot_controller/build
[0.316s] creating /home/nabil/ros2_ws/build/my_robot_controller/build/lib
[0.316s] creating /home/nabil/ros2_ws/build/my_robot_controller/build/lib/my_robot_controller
[0.316s] copying my_robot_controller/__init__.py -> /home/nabil/ros2_ws/build/my_robot_controller/build/lib/my_robot_controller
[0.316s] running install
[0.316s] /usr/lib/python3/dist-packages/setuptools/command/install.py:34: SetuptoolsDeprecationWarning: setup.py install is deprecated. Use build and pip and other standards-based tools.
[0.316s]   warnings.warn(
[0.316s] running install_lib
[0.316s] creating /home/nabil/ros2_ws/install/my_robot_controller/lib/python3.10/site-packages/my_robot_controller
[0.316s] copying /home/nabil/ros2_ws/build/my_robot_controller/build/lib/my_robot_controller/__init__.py -> /home/nabil/ros2_ws/install/my_robot_controller/lib/python3.10/site-packages/my_robot_controller
[0.316s] byte-compiling /home/nabil/ros2_ws/install/my_robot_controller/lib/python3.10/site-packages/my_robot_controller/__init__.py to __init__.cpython-310.pyc
[0.316s] running install_data
[0.316s] creating /home/nabil/ros2_ws/install/my_robot_controller/share/ament_index
[0.317s] creating /home/nabil/ros2_ws/install/my_robot_controller/share/ament_index/resource_index
[0.317s] creating /home/nabil/ros2_ws/install/my_robot_controller/share/ament_index/resource_index/packages
[0.317s] copying resource/my_robot_controller -> /home/nabil/ros2_ws/install/my_robot_controller/share/ament_index/resource_index/packages
[0.317s] copying package.xml -> /home/nabil/ros2_ws/install/my_robot_controller/share/my_robot_controller
[0.317s] running install_egg_info
[0.317s] Copying ../../build/my_robot_controller/my_robot_controller.egg-info to /home/nabil/ros2_ws/install/my_robot_controller/lib/python3.10/site-packages/my_robot_controller-0.0.0-py3.10.egg-info
[0.317s] running install_scripts
[0.326s] writing list of installed files to '/home/nabil/ros2_ws/build/my_robot_controller/install.log'
[0.336s] Invoked command in '/home/nabil/ros2_ws/src/my_robot_controller' returned '0': PYTHONPATH=/home/nabil/ros2_ws/build/my_robot_controller/prefix_override:/home/nabil/ros2_ws/install/my_robot_controller/lib/python3.10/site-packages:${PYTHONPATH} /usr/bin/python3 setup.py egg_info --egg-base ../../build/my_robot_controller build --build-base /home/nabil/ros2_ws/build/my_robot_controller/build install --record /home/nabil/ros2_ws/build/my_robot_controller/install.log --single-version-externally-managed
