[0.289s] Invoking command in '/home/nabil/ros2_ws/src/my_robot_controller': PYTHONPATH=/home/nabil/ros2_ws/build/my_robot_controller/prefix_override:/home/nabil/ros2_ws/install/my_robot_controller/lib/python3.10/site-packages:${PYTHONPATH} /usr/bin/python3 setup.py egg_info --egg-base ../../build/my_robot_controller build --build-base /home/nabil/ros2_ws/build/my_robot_controller/build install --record /home/nabil/ros2_ws/build/my_robot_controller/install.log --single-version-externally-managed
[0.396s] running egg_info
[0.396s] writing ../../build/my_robot_controller/my_robot_controller.egg-info/PKG-INFO
[0.396s] writing dependency_links to ../../build/my_robot_controller/my_robot_controller.egg-info/dependency_links.txt
[0.396s] writing entry points to ../../build/my_robot_controller/my_robot_controller.egg-info/entry_points.txt
[0.396s] writing requirements to ../../build/my_robot_controller/my_robot_controller.egg-info/requires.txt
[0.396s] writing top-level names to ../../build/my_robot_controller/my_robot_controller.egg-info/top_level.txt
[0.397s] reading manifest file '../../build/my_robot_controller/my_robot_controller.egg-info/SOURCES.txt'
[0.397s] writing manifest file '../../build/my_robot_controller/my_robot_controller.egg-info/SOURCES.txt'
[0.397s] running build
[0.398s] running build_py
[0.398s] copying my_robot_controller/pid.py -> /home/nabil/ros2_ws/build/my_robot_controller/build/lib/my_robot_controller
[0.398s] copying my_robot_controller/diff_drive_robot.py -> /home/nabil/ros2_ws/build/my_robot_controller/build/lib/my_robot_controller
[0.398s] running install
[0.398s] running install_lib
[0.398s] copying /home/nabil/ros2_ws/build/my_robot_controller/build/lib/my_robot_controller/pid.py -> /home/nabil/ros2_ws/install/my_robot_controller/lib/python3.10/site-packages/my_robot_controller
[0.398s] copying /home/nabil/ros2_ws/build/my_robot_controller/build/lib/my_robot_controller/diff_drive_robot.py -> /home/nabil/ros2_ws/install/my_robot_controller/lib/python3.10/site-packages/my_robot_controller
[0.398s] byte-compiling /home/nabil/ros2_ws/install/my_robot_controller/lib/python3.10/site-packages/my_robot_controller/pid.py to pid.cpython-310.pyc
[0.398s] byte-compiling /home/nabil/ros2_ws/install/my_robot_controller/lib/python3.10/site-packages/my_robot_controller/diff_drive_robot.py to diff_drive_robot.cpython-310.pyc
[0.400s] running install_data
[0.400s] running install_egg_info
[0.401s] removing '/home/nabil/ros2_ws/install/my_robot_controller/lib/python3.10/site-packages/my_robot_controller-0.0.0-py3.10.egg-info' (and everything under it)
[0.401s] Copying ../../build/my_robot_controller/my_robot_controller.egg-info to /home/nabil/ros2_ws/install/my_robot_controller/lib/python3.10/site-packages/my_robot_controller-0.0.0-py3.10.egg-info
[0.401s] running install_scripts
[0.410s] Installing diff_drive_robot script to /home/nabil/ros2_ws/install/my_robot_controller/lib/my_robot_controller
[0.410s] writing list of installed files to '/home/nabil/ros2_ws/build/my_robot_controller/install.log'
[0.421s] Invoked command in '/home/nabil/ros2_ws/src/my_robot_controller' returned '0': PYTHONPATH=/home/nabil/ros2_ws/build/my_robot_controller/prefix_override:/home/nabil/ros2_ws/install/my_robot_controller/lib/python3.10/site-packages:${PYTHONPATH} /usr/bin/python3 setup.py egg_info --egg-base ../../build/my_robot_controller build --build-base /home/nabil/ros2_ws/build/my_robot_controller/build install --record /home/nabil/ros2_ws/build/my_robot_controller/install.log --single-version-externally-managed
