[0.005s] Invoking command in '/home/nabil/ros2/ros2_nabil/build/my_robot_bringup': AMENT_PREFIX_PATH=/home/nabil/ros2/ros2_nabil/install/my_robot_description:${AMENT_PREFIX_PATH} CMAKE_PREFIX_PATH=/home/nabil/ros2/ros2_nabil/install/my_robot_description:/home/nabil/ros2/ros2_ws/install/my_robot_bringup:/home/nabil/ros2/ros2_ws/install/my_robot_description:/home/nabil/Desktop/bengalbot1/bengalbot_ws/install/bengalbot_description:/home/nabil/Desktop/bengalbot1/bengalbot_ws/install/bengalbot_bringup:/home/nabil/turtlebot3_ws/install/turtlebot3_simulations:/home/nabil/turtlebot3_ws/install/turtlebot3_gazebo:/home/nabil/turtlebot3_ws/install/turtlebot3_fake_node:/home/nabil/ros2_ws/install/my_robot_bringup:/home/nabil/ros2_ws/install/my_robot_description:/home/nabil/ros2/ros2_ws/install/my_robot_controller:/home/nabil/Desktop/bengalbot1/bengalbot_ws/install/bengalbot_controller:/home/nabil/Desktop/bengalbot1/bengalbot_ws/install/bengalbot:/home/nabil/ros2_ws/install/my_robot_controller:/opt/ros/humble /usr/bin/cmake /home/nabil/ros2/ros2_nabil/src/my_robot_bringup -DCMAKE_INSTALL_PREFIX=/home/nabil/ros2/ros2_nabil/install/my_robot_bringup
[0.028s] -- The C compiler identification is GNU 11.4.0
[0.052s] -- The CXX compiler identification is GNU 11.4.0
[0.055s] -- Detecting C compiler ABI info
[0.085s] -- Detecting C compiler ABI info - done
[0.090s] -- Check for working C compiler: /usr/bin/cc - skipped
[0.090s] -- Detecting C compile features
[0.090s] -- Detecting C compile features - done
[0.090s] -- Detecting CXX compiler ABI info
[0.125s] -- Detecting CXX compiler ABI info - done
[0.128s] -- Check for working CXX compiler: /usr/bin/c++ - skipped
[0.128s] -- Detecting CXX compile features
[0.129s] -- Detecting CXX compile features - done
[0.130s] -- Found ament_cmake: 1.3.5 (/opt/ros/humble/share/ament_cmake/cmake)
[0.256s] -- Found Python3: /usr/bin/python3.10 (found version "3.10.12") found components: Interpreter 
[0.332s] -- Configuring done
[0.333s] -- Generating done
[0.333s] -- Build files have been written to: /home/nabil/ros2/ros2_nabil/build/my_robot_bringup
[0.336s] Invoked command in '/home/nabil/ros2/ros2_nabil/build/my_robot_bringup' returned '0': AMENT_PREFIX_PATH=/home/nabil/ros2/ros2_nabil/install/my_robot_description:${AMENT_PREFIX_PATH} CMAKE_PREFIX_PATH=/home/nabil/ros2/ros2_nabil/install/my_robot_description:/home/nabil/ros2/ros2_ws/install/my_robot_bringup:/home/nabil/ros2/ros2_ws/install/my_robot_description:/home/nabil/Desktop/bengalbot1/bengalbot_ws/install/bengalbot_description:/home/nabil/Desktop/bengalbot1/bengalbot_ws/install/bengalbot_bringup:/home/nabil/turtlebot3_ws/install/turtlebot3_simulations:/home/nabil/turtlebot3_ws/install/turtlebot3_gazebo:/home/nabil/turtlebot3_ws/install/turtlebot3_fake_node:/home/nabil/ros2_ws/install/my_robot_bringup:/home/nabil/ros2_ws/install/my_robot_description:/home/nabil/ros2/ros2_ws/install/my_robot_controller:/home/nabil/Desktop/bengalbot1/bengalbot_ws/install/bengalbot_controller:/home/nabil/Desktop/bengalbot1/bengalbot_ws/install/bengalbot:/home/nabil/ros2_ws/install/my_robot_controller:/opt/ros/humble /usr/bin/cmake /home/nabil/ros2/ros2_nabil/src/my_robot_bringup -DCMAKE_INSTALL_PREFIX=/home/nabil/ros2/ros2_nabil/install/my_robot_bringup
[0.337s] Invoking command in '/home/nabil/ros2/ros2_nabil/build/my_robot_bringup': AMENT_PREFIX_PATH=/home/nabil/ros2/ros2_nabil/install/my_robot_description:${AMENT_PREFIX_PATH} CMAKE_PREFIX_PATH=/home/nabil/ros2/ros2_nabil/install/my_robot_description:/home/nabil/ros2/ros2_ws/install/my_robot_bringup:/home/nabil/ros2/ros2_ws/install/my_robot_description:/home/nabil/Desktop/bengalbot1/bengalbot_ws/install/bengalbot_description:/home/nabil/Desktop/bengalbot1/bengalbot_ws/install/bengalbot_bringup:/home/nabil/turtlebot3_ws/install/turtlebot3_simulations:/home/nabil/turtlebot3_ws/install/turtlebot3_gazebo:/home/nabil/turtlebot3_ws/install/turtlebot3_fake_node:/home/nabil/ros2_ws/install/my_robot_bringup:/home/nabil/ros2_ws/install/my_robot_description:/home/nabil/ros2/ros2_ws/install/my_robot_controller:/home/nabil/Desktop/bengalbot1/bengalbot_ws/install/bengalbot_controller:/home/nabil/Desktop/bengalbot1/bengalbot_ws/install/bengalbot:/home/nabil/ros2_ws/install/my_robot_controller:/opt/ros/humble /usr/bin/cmake --build /home/nabil/ros2/ros2_nabil/build/my_robot_bringup -- -j24 -l24
[0.367s] Invoked command in '/home/nabil/ros2/ros2_nabil/build/my_robot_bringup' returned '0': AMENT_PREFIX_PATH=/home/nabil/ros2/ros2_nabil/install/my_robot_description:${AMENT_PREFIX_PATH} CMAKE_PREFIX_PATH=/home/nabil/ros2/ros2_nabil/install/my_robot_description:/home/nabil/ros2/ros2_ws/install/my_robot_bringup:/home/nabil/ros2/ros2_ws/install/my_robot_description:/home/nabil/Desktop/bengalbot1/bengalbot_ws/install/bengalbot_description:/home/nabil/Desktop/bengalbot1/bengalbot_ws/install/bengalbot_bringup:/home/nabil/turtlebot3_ws/install/turtlebot3_simulations:/home/nabil/turtlebot3_ws/install/turtlebot3_gazebo:/home/nabil/turtlebot3_ws/install/turtlebot3_fake_node:/home/nabil/ros2_ws/install/my_robot_bringup:/home/nabil/ros2_ws/install/my_robot_description:/home/nabil/ros2/ros2_ws/install/my_robot_controller:/home/nabil/Desktop/bengalbot1/bengalbot_ws/install/bengalbot_controller:/home/nabil/Desktop/bengalbot1/bengalbot_ws/install/bengalbot:/home/nabil/ros2_ws/install/my_robot_controller:/opt/ros/humble /usr/bin/cmake --build /home/nabil/ros2/ros2_nabil/build/my_robot_bringup -- -j24 -l24
[0.401s] Invoking command in '/home/nabil/ros2/ros2_nabil/build/my_robot_bringup': AMENT_PREFIX_PATH=/home/nabil/ros2/ros2_nabil/install/my_robot_description:${AMENT_PREFIX_PATH} CMAKE_PREFIX_PATH=/home/nabil/ros2/ros2_nabil/install/my_robot_description:/home/nabil/ros2/ros2_ws/install/my_robot_bringup:/home/nabil/ros2/ros2_ws/install/my_robot_description:/home/nabil/Desktop/bengalbot1/bengalbot_ws/install/bengalbot_description:/home/nabil/Desktop/bengalbot1/bengalbot_ws/install/bengalbot_bringup:/home/nabil/turtlebot3_ws/install/turtlebot3_simulations:/home/nabil/turtlebot3_ws/install/turtlebot3_gazebo:/home/nabil/turtlebot3_ws/install/turtlebot3_fake_node:/home/nabil/ros2_ws/install/my_robot_bringup:/home/nabil/ros2_ws/install/my_robot_description:/home/nabil/ros2/ros2_ws/install/my_robot_controller:/home/nabil/Desktop/bengalbot1/bengalbot_ws/install/bengalbot_controller:/home/nabil/Desktop/bengalbot1/bengalbot_ws/install/bengalbot:/home/nabil/ros2_ws/install/my_robot_controller:/opt/ros/humble /usr/bin/cmake --install /home/nabil/ros2/ros2_nabil/build/my_robot_bringup
[0.413s] -- Install configuration: ""
[0.413s] -- Installing: /home/nabil/ros2/ros2_nabil/install/my_robot_bringup/share/my_robot_bringup//launch
[0.413s] -- Installing: /home/nabil/ros2/ros2_nabil/install/my_robot_bringup/share/my_robot_bringup//launch/my_robot_gazebo.launch.xml
[0.413s] -- Installing: /home/nabil/ros2/ros2_nabil/install/my_robot_bringup/share/my_robot_bringup//launch/diff_robot.launch.xml
[0.413s] -- Installing: /home/nabil/ros2/ros2_nabil/install/my_robot_bringup/share/my_robot_bringup//rviz
[0.413s] -- Installing: /home/nabil/ros2/ros2_nabil/install/my_robot_bringup/share/my_robot_bringup//rviz/urdf_config.rviz
[0.413s] -- Installing: /home/nabil/ros2/ros2_nabil/install/my_robot_bringup/share/ament_index/resource_index/package_run_dependencies/my_robot_bringup
[0.413s] -- Installing: /home/nabil/ros2/ros2_nabil/install/my_robot_bringup/share/ament_index/resource_index/parent_prefix_path/my_robot_bringup
[0.413s] -- Installing: /home/nabil/ros2/ros2_nabil/install/my_robot_bringup/share/my_robot_bringup/environment/ament_prefix_path.sh
[0.413s] -- Installing: /home/nabil/ros2/ros2_nabil/install/my_robot_bringup/share/my_robot_bringup/environment/ament_prefix_path.dsv
[0.414s] -- Installing: /home/nabil/ros2/ros2_nabil/install/my_robot_bringup/share/my_robot_bringup/environment/path.sh
[0.414s] -- Installing: /home/nabil/ros2/ros2_nabil/install/my_robot_bringup/share/my_robot_bringup/environment/path.dsv
[0.414s] -- Installing: /home/nabil/ros2/ros2_nabil/install/my_robot_bringup/share/my_robot_bringup/local_setup.bash
[0.414s] -- Installing: /home/nabil/ros2/ros2_nabil/install/my_robot_bringup/share/my_robot_bringup/local_setup.sh
[0.414s] -- Installing: /home/nabil/ros2/ros2_nabil/install/my_robot_bringup/share/my_robot_bringup/local_setup.zsh
[0.414s] -- Installing: /home/nabil/ros2/ros2_nabil/install/my_robot_bringup/share/my_robot_bringup/local_setup.dsv
[0.414s] -- Installing: /home/nabil/ros2/ros2_nabil/install/my_robot_bringup/share/my_robot_bringup/package.dsv
[0.414s] -- Installing: /home/nabil/ros2/ros2_nabil/install/my_robot_bringup/share/ament_index/resource_index/packages/my_robot_bringup
[0.414s] -- Installing: /home/nabil/ros2/ros2_nabil/install/my_robot_bringup/share/my_robot_bringup/cmake/my_robot_bringupConfig.cmake
[0.414s] -- Installing: /home/nabil/ros2/ros2_nabil/install/my_robot_bringup/share/my_robot_bringup/cmake/my_robot_bringupConfig-version.cmake
[0.414s] -- Installing: /home/nabil/ros2/ros2_nabil/install/my_robot_bringup/share/my_robot_bringup/package.xml
[0.416s] Invoked command in '/home/nabil/ros2/ros2_nabil/build/my_robot_bringup' returned '0': AMENT_PREFIX_PATH=/home/nabil/ros2/ros2_nabil/install/my_robot_description:${AMENT_PREFIX_PATH} CMAKE_PREFIX_PATH=/home/nabil/ros2/ros2_nabil/install/my_robot_description:/home/nabil/ros2/ros2_ws/install/my_robot_bringup:/home/nabil/ros2/ros2_ws/install/my_robot_description:/home/nabil/Desktop/bengalbot1/bengalbot_ws/install/bengalbot_description:/home/nabil/Desktop/bengalbot1/bengalbot_ws/install/bengalbot_bringup:/home/nabil/turtlebot3_ws/install/turtlebot3_simulations:/home/nabil/turtlebot3_ws/install/turtlebot3_gazebo:/home/nabil/turtlebot3_ws/install/turtlebot3_fake_node:/home/nabil/ros2_ws/install/my_robot_bringup:/home/nabil/ros2_ws/install/my_robot_description:/home/nabil/ros2/ros2_ws/install/my_robot_controller:/home/nabil/Desktop/bengalbot1/bengalbot_ws/install/bengalbot_controller:/home/nabil/Desktop/bengalbot1/bengalbot_ws/install/bengalbot:/home/nabil/ros2_ws/install/my_robot_controller:/opt/ros/humble /usr/bin/cmake --install /home/nabil/ros2/ros2_nabil/build/my_robot_bringup
