[0.144s] DEBUG:colcon:Command line arguments: ['/usr/bin/colcon', 'build', '--symlink-install']
[0.144s] DEBUG:colcon:Parsed command line arguments: Namespace(log_base=None, log_level=None, verb_name='build', build_base='build', install_base='install', merge_install=False, symlink_install=True, test_result_base=None, continue_on_error=False, executor='parallel', parallel_workers=24, event_handlers=None, ignore_user_meta=False, metas=['./colcon.meta'], base_paths=['.'], packages_ignore=None, packages_ignore_regex=None, paths=None, packages_up_to=None, packages_up_to_regex=None, packages_above=None, packages_above_and_dependencies=None, packages_above_depth=None, packages_select_by_dep=None, packages_skip_by_dep=None, packages_skip_up_to=None, packages_select_build_failed=False, packages_skip_build_finished=False, packages_select_test_failures=False, packages_skip_test_passed=False, packages_select=None, packages_skip=None, packages_select_regex=None, packages_skip_regex=None, packages_start=None, packages_end=None, allow_overriding=[], cmake_args=None, cmake_target=None, cmake_target_skip_unavailable=False, cmake_clean_cache=False, cmake_clean_first=False, cmake_force_configure=False, ament_cmake_args=None, catkin_cmake_args=None, catkin_skip_building_tests=False, verb_parser=<colcon_defaults.argument_parser.defaults.DefaultArgumentsDecorator object at 0x7f548b9e0e80>, verb_extension=<colcon_core.verb.build.BuildVerb object at 0x7f548b9e0910>, main=<bound method BuildVerb.main of <colcon_core.verb.build.BuildVerb object at 0x7f548b9e0910>>)
[0.155s] Level 1:colcon.colcon_core.package_discovery:discover_packages(colcon_meta) check parameters
[0.155s] Level 1:colcon.colcon_core.package_discovery:discover_packages(recursive) check parameters
[0.155s] Level 1:colcon.colcon_core.package_discovery:discover_packages(ignore) check parameters
[0.155s] Level 1:colcon.colcon_core.package_discovery:discover_packages(path) check parameters
[0.155s] Level 1:colcon.colcon_core.package_discovery:discover_packages(colcon_meta) discover
[0.155s] Level 1:colcon.colcon_core.package_discovery:discover_packages(recursive) discover
[0.155s] INFO:colcon.colcon_core.package_discovery:Crawling recursively for packages in '/home/nabil/ros2/ros2_nabil'
[0.155s] Level 1:colcon.colcon_core.package_identification:_identify(.) by extensions ['ignore', 'ignore_ament_install']
[0.155s] Level 1:colcon.colcon_core.package_identification:_identify(.) by extension 'ignore'
[0.155s] Level 1:colcon.colcon_core.package_identification:_identify(.) by extension 'ignore_ament_install'
[0.155s] Level 1:colcon.colcon_core.package_identification:_identify(.) by extensions ['colcon_pkg']
[0.155s] Level 1:colcon.colcon_core.package_identification:_identify(.) by extension 'colcon_pkg'
[0.155s] Level 1:colcon.colcon_core.package_identification:_identify(.) by extensions ['colcon_meta']
[0.155s] Level 1:colcon.colcon_core.package_identification:_identify(.) by extension 'colcon_meta'
[0.155s] Level 1:colcon.colcon_core.package_identification:_identify(.) by extensions ['ros']
[0.155s] Level 1:colcon.colcon_core.package_identification:_identify(.) by extension 'ros'
[0.160s] Level 1:colcon.colcon_core.package_identification:_identify(.) by extensions ['cmake', 'python']
[0.160s] Level 1:colcon.colcon_core.package_identification:_identify(.) by extension 'cmake'
[0.160s] Level 1:colcon.colcon_core.package_identification:_identify(.) by extension 'python'
[0.160s] Level 1:colcon.colcon_core.package_identification:_identify(.) by extensions ['python_setup_py']
[0.160s] Level 1:colcon.colcon_core.package_identification:_identify(.) by extension 'python_setup_py'
[0.160s] Level 1:colcon.colcon_core.package_identification:_identify(build) by extensions ['ignore', 'ignore_ament_install']
[0.160s] Level 1:colcon.colcon_core.package_identification:_identify(build) by extension 'ignore'
[0.160s] Level 1:colcon.colcon_core.package_identification:_identify(build) ignored
[0.160s] Level 1:colcon.colcon_core.package_identification:_identify(install) by extensions ['ignore', 'ignore_ament_install']
[0.160s] Level 1:colcon.colcon_core.package_identification:_identify(install) by extension 'ignore'
[0.160s] Level 1:colcon.colcon_core.package_identification:_identify(install) ignored
[0.160s] Level 1:colcon.colcon_core.package_identification:_identify(log) by extensions ['ignore', 'ignore_ament_install']
[0.160s] Level 1:colcon.colcon_core.package_identification:_identify(log) by extension 'ignore'
[0.161s] Level 1:colcon.colcon_core.package_identification:_identify(log) ignored
[0.161s] Level 1:colcon.colcon_core.package_identification:_identify(src) by extensions ['ignore', 'ignore_ament_install']
[0.161s] Level 1:colcon.colcon_core.package_identification:_identify(src) by extension 'ignore'
[0.161s] Level 1:colcon.colcon_core.package_identification:_identify(src) by extension 'ignore_ament_install'
[0.161s] Level 1:colcon.colcon_core.package_identification:_identify(src) by extensions ['colcon_pkg']
[0.161s] Level 1:colcon.colcon_core.package_identification:_identify(src) by extension 'colcon_pkg'
[0.161s] Level 1:colcon.colcon_core.package_identification:_identify(src) by extensions ['colcon_meta']
[0.161s] Level 1:colcon.colcon_core.package_identification:_identify(src) by extension 'colcon_meta'
[0.161s] Level 1:colcon.colcon_core.package_identification:_identify(src) by extensions ['ros']
[0.161s] Level 1:colcon.colcon_core.package_identification:_identify(src) by extension 'ros'
[0.161s] Level 1:colcon.colcon_core.package_identification:_identify(src) by extensions ['cmake', 'python']
[0.161s] Level 1:colcon.colcon_core.package_identification:_identify(src) by extension 'cmake'
[0.161s] Level 1:colcon.colcon_core.package_identification:_identify(src) by extension 'python'
[0.161s] Level 1:colcon.colcon_core.package_identification:_identify(src) by extensions ['python_setup_py']
[0.161s] Level 1:colcon.colcon_core.package_identification:_identify(src) by extension 'python_setup_py'
[0.161s] Level 1:colcon.colcon_core.package_identification:_identify(src/my_robot_bringup) by extensions ['ignore', 'ignore_ament_install']
[0.161s] Level 1:colcon.colcon_core.package_identification:_identify(src/my_robot_bringup) by extension 'ignore'
[0.161s] Level 1:colcon.colcon_core.package_identification:_identify(src/my_robot_bringup) by extension 'ignore_ament_install'
[0.161s] Level 1:colcon.colcon_core.package_identification:_identify(src/my_robot_bringup) by extensions ['colcon_pkg']
[0.161s] Level 1:colcon.colcon_core.package_identification:_identify(src/my_robot_bringup) by extension 'colcon_pkg'
[0.161s] Level 1:colcon.colcon_core.package_identification:_identify(src/my_robot_bringup) by extensions ['colcon_meta']
[0.161s] Level 1:colcon.colcon_core.package_identification:_identify(src/my_robot_bringup) by extension 'colcon_meta'
[0.161s] Level 1:colcon.colcon_core.package_identification:_identify(src/my_robot_bringup) by extensions ['ros']
[0.161s] Level 1:colcon.colcon_core.package_identification:_identify(src/my_robot_bringup) by extension 'ros'
[0.162s] DEBUG:colcon.colcon_core.package_identification:Package 'src/my_robot_bringup' with type 'ros.ament_cmake' and name 'my_robot_bringup'
[0.162s] Level 1:colcon.colcon_core.package_identification:_identify(src/my_robot_controller) by extensions ['ignore', 'ignore_ament_install']
[0.162s] Level 1:colcon.colcon_core.package_identification:_identify(src/my_robot_controller) by extension 'ignore'
[0.162s] Level 1:colcon.colcon_core.package_identification:_identify(src/my_robot_controller) by extension 'ignore_ament_install'
[0.162s] Level 1:colcon.colcon_core.package_identification:_identify(src/my_robot_controller) by extensions ['colcon_pkg']
[0.162s] Level 1:colcon.colcon_core.package_identification:_identify(src/my_robot_controller) by extension 'colcon_pkg'
[0.162s] Level 1:colcon.colcon_core.package_identification:_identify(src/my_robot_controller) by extensions ['colcon_meta']
[0.162s] Level 1:colcon.colcon_core.package_identification:_identify(src/my_robot_controller) by extension 'colcon_meta'
[0.162s] Level 1:colcon.colcon_core.package_identification:_identify(src/my_robot_controller) by extensions ['ros']
[0.162s] Level 1:colcon.colcon_core.package_identification:_identify(src/my_robot_controller) by extension 'ros'
[0.162s] DEBUG:colcon.colcon_core.package_identification:Package 'src/my_robot_controller' with type 'ros.ament_python' and name 'my_robot_controller'
[0.162s] Level 1:colcon.colcon_core.package_identification:_identify(src/my_robot_description) by extensions ['ignore', 'ignore_ament_install']
[0.162s] Level 1:colcon.colcon_core.package_identification:_identify(src/my_robot_description) by extension 'ignore'
[0.163s] Level 1:colcon.colcon_core.package_identification:_identify(src/my_robot_description) by extension 'ignore_ament_install'
[0.163s] Level 1:colcon.colcon_core.package_identification:_identify(src/my_robot_description) by extensions ['colcon_pkg']
[0.163s] Level 1:colcon.colcon_core.package_identification:_identify(src/my_robot_description) by extension 'colcon_pkg'
[0.163s] Level 1:colcon.colcon_core.package_identification:_identify(src/my_robot_description) by extensions ['colcon_meta']
[0.163s] Level 1:colcon.colcon_core.package_identification:_identify(src/my_robot_description) by extension 'colcon_meta'
[0.163s] Level 1:colcon.colcon_core.package_identification:_identify(src/my_robot_description) by extensions ['ros']
[0.163s] Level 1:colcon.colcon_core.package_identification:_identify(src/my_robot_description) by extension 'ros'
[0.163s] DEBUG:colcon.colcon_core.package_identification:Package 'src/my_robot_description' with type 'ros.ament_cmake' and name 'my_robot_description'
[0.163s] Level 1:colcon.colcon_core.package_discovery:discover_packages(recursive) using defaults
[0.163s] Level 1:colcon.colcon_core.package_discovery:discover_packages(ignore) discover
[0.163s] Level 1:colcon.colcon_core.package_discovery:discover_packages(ignore) using defaults
[0.163s] Level 1:colcon.colcon_core.package_discovery:discover_packages(path) discover
[0.163s] Level 1:colcon.colcon_core.package_discovery:discover_packages(path) using defaults
[0.173s] Level 1:colcon.colcon_core.package_discovery:discover_packages(prefix_path) check parameters
[0.173s] Level 1:colcon.colcon_core.package_discovery:discover_packages(prefix_path) discover
[0.174s] DEBUG:colcon.colcon_installed_package_information.package_discovery:Found 3 installed packages in /home/nabil/ros2/ros2_ws/install
[0.175s] DEBUG:colcon.colcon_installed_package_information.package_discovery:Found 4 installed packages in /home/nabil/Desktop/bengalbot1/bengalbot_ws/install
[0.175s] DEBUG:colcon.colcon_installed_package_information.package_discovery:Found 3 installed packages in /home/nabil/turtlebot3_ws/install
[0.176s] DEBUG:colcon.colcon_installed_package_information.package_discovery:Found 3 installed packages in /home/nabil/ros2_ws/install
[0.176s] DEBUG:colcon.colcon_installed_package_information.package_discovery:Found 390 installed packages in /opt/ros/humble
[0.177s] Level 1:colcon.colcon_core.package_discovery:discover_packages(prefix_path) using defaults
[0.206s] Level 5:colcon.colcon_core.verb:set package 'my_robot_controller' build argument 'cmake_args' from command line to 'None'
[0.206s] Level 5:colcon.colcon_core.verb:set package 'my_robot_controller' build argument 'cmake_target' from command line to 'None'
[0.206s] Level 5:colcon.colcon_core.verb:set package 'my_robot_controller' build argument 'cmake_target_skip_unavailable' from command line to 'False'
[0.206s] Level 5:colcon.colcon_core.verb:set package 'my_robot_controller' build argument 'cmake_clean_cache' from command line to 'False'
[0.206s] Level 5:colcon.colcon_core.verb:set package 'my_robot_controller' build argument 'cmake_clean_first' from command line to 'False'
[0.206s] Level 5:colcon.colcon_core.verb:set package 'my_robot_controller' build argument 'cmake_force_configure' from command line to 'False'
[0.207s] Level 5:colcon.colcon_core.verb:set package 'my_robot_controller' build argument 'ament_cmake_args' from command line to 'None'
[0.207s] Level 5:colcon.colcon_core.verb:set package 'my_robot_controller' build argument 'catkin_cmake_args' from command line to 'None'
[0.207s] Level 5:colcon.colcon_core.verb:set package 'my_robot_controller' build argument 'catkin_skip_building_tests' from command line to 'False'
[0.207s] DEBUG:colcon.colcon_core.verb:Building package 'my_robot_controller' with the following arguments: {'ament_cmake_args': None, 'build_base': '/home/nabil/ros2/ros2_nabil/build/my_robot_controller', 'catkin_cmake_args': None, 'catkin_skip_building_tests': False, 'cmake_args': None, 'cmake_clean_cache': False, 'cmake_clean_first': False, 'cmake_force_configure': False, 'cmake_target': None, 'cmake_target_skip_unavailable': False, 'install_base': '/home/nabil/ros2/ros2_nabil/install/my_robot_controller', 'merge_install': False, 'path': '/home/nabil/ros2/ros2_nabil/src/my_robot_controller', 'symlink_install': True, 'test_result_base': None}
[0.207s] Level 5:colcon.colcon_core.verb:set package 'my_robot_description' build argument 'cmake_args' from command line to 'None'
[0.207s] Level 5:colcon.colcon_core.verb:set package 'my_robot_description' build argument 'cmake_target' from command line to 'None'
[0.207s] Level 5:colcon.colcon_core.verb:set package 'my_robot_description' build argument 'cmake_target_skip_unavailable' from command line to 'False'
[0.207s] Level 5:colcon.colcon_core.verb:set package 'my_robot_description' build argument 'cmake_clean_cache' from command line to 'False'
[0.207s] Level 5:colcon.colcon_core.verb:set package 'my_robot_description' build argument 'cmake_clean_first' from command line to 'False'
[0.207s] Level 5:colcon.colcon_core.verb:set package 'my_robot_description' build argument 'cmake_force_configure' from command line to 'False'
[0.207s] Level 5:colcon.colcon_core.verb:set package 'my_robot_description' build argument 'ament_cmake_args' from command line to 'None'
[0.207s] Level 5:colcon.colcon_core.verb:set package 'my_robot_description' build argument 'catkin_cmake_args' from command line to 'None'
[0.207s] Level 5:colcon.colcon_core.verb:set package 'my_robot_description' build argument 'catkin_skip_building_tests' from command line to 'False'
[0.207s] DEBUG:colcon.colcon_core.verb:Building package 'my_robot_description' with the following arguments: {'ament_cmake_args': None, 'build_base': '/home/nabil/ros2/ros2_nabil/build/my_robot_description', 'catkin_cmake_args': None, 'catkin_skip_building_tests': False, 'cmake_args': None, 'cmake_clean_cache': False, 'cmake_clean_first': False, 'cmake_force_configure': False, 'cmake_target': None, 'cmake_target_skip_unavailable': False, 'install_base': '/home/nabil/ros2/ros2_nabil/install/my_robot_description', 'merge_install': False, 'path': '/home/nabil/ros2/ros2_nabil/src/my_robot_description', 'symlink_install': True, 'test_result_base': None}
[0.207s] Level 5:colcon.colcon_core.verb:set package 'my_robot_bringup' build argument 'cmake_args' from command line to 'None'
[0.207s] Level 5:colcon.colcon_core.verb:set package 'my_robot_bringup' build argument 'cmake_target' from command line to 'None'
[0.207s] Level 5:colcon.colcon_core.verb:set package 'my_robot_bringup' build argument 'cmake_target_skip_unavailable' from command line to 'False'
[0.207s] Level 5:colcon.colcon_core.verb:set package 'my_robot_bringup' build argument 'cmake_clean_cache' from command line to 'False'
[0.207s] Level 5:colcon.colcon_core.verb:set package 'my_robot_bringup' build argument 'cmake_clean_first' from command line to 'False'
[0.207s] Level 5:colcon.colcon_core.verb:set package 'my_robot_bringup' build argument 'cmake_force_configure' from command line to 'False'
[0.207s] Level 5:colcon.colcon_core.verb:set package 'my_robot_bringup' build argument 'ament_cmake_args' from command line to 'None'
[0.207s] Level 5:colcon.colcon_core.verb:set package 'my_robot_bringup' build argument 'catkin_cmake_args' from command line to 'None'
[0.208s] Level 5:colcon.colcon_core.verb:set package 'my_robot_bringup' build argument 'catkin_skip_building_tests' from command line to 'False'
[0.208s] DEBUG:colcon.colcon_core.verb:Building package 'my_robot_bringup' with the following arguments: {'ament_cmake_args': None, 'build_base': '/home/nabil/ros2/ros2_nabil/build/my_robot_bringup', 'catkin_cmake_args': None, 'catkin_skip_building_tests': False, 'cmake_args': None, 'cmake_clean_cache': False, 'cmake_clean_first': False, 'cmake_force_configure': False, 'cmake_target': None, 'cmake_target_skip_unavailable': False, 'install_base': '/home/nabil/ros2/ros2_nabil/install/my_robot_bringup', 'merge_install': False, 'path': '/home/nabil/ros2/ros2_nabil/src/my_robot_bringup', 'symlink_install': True, 'test_result_base': None}
[0.208s] INFO:colcon.colcon_core.executor:Executing jobs using 'parallel' executor
[0.209s] DEBUG:colcon.colcon_parallel_executor.executor.parallel:run_until_complete
[0.209s] INFO:colcon.colcon_ros.task.ament_cmake.build:Building ROS package in '/home/nabil/ros2/ros2_nabil/src/my_robot_description' with build type 'ament_cmake'
[0.209s] INFO:colcon.colcon_cmake.task.cmake.build:Building CMake package in '/home/nabil/ros2/ros2_nabil/src/my_robot_description'
[0.211s] INFO:colcon.colcon_core.plugin_system:Skipping extension 'colcon_core.shell.bat': Not used on non-Windows systems
[0.211s] INFO:colcon.colcon_core.shell:Skip shell extension 'powershell' for command environment: Not usable outside of PowerShell
[0.211s] DEBUG:colcon.colcon_core.shell:Skip shell extension 'dsv' for command environment
[0.214s] INFO:colcon.colcon_ros.task.ament_python.build:Building ROS package in '/home/nabil/ros2/ros2_nabil/src/my_robot_controller' with build type 'ament_python'
[0.214s] Level 1:colcon.colcon_core.shell:create_environment_hook('my_robot_controller', 'ament_prefix_path')
[0.215s] INFO:colcon.colcon_core.shell:Creating environment hook '/home/nabil/ros2/ros2_nabil/install/my_robot_controller/share/my_robot_controller/hook/ament_prefix_path.ps1'
[0.215s] INFO:colcon.colcon_core.shell:Creating environment descriptor '/home/nabil/ros2/ros2_nabil/install/my_robot_controller/share/my_robot_controller/hook/ament_prefix_path.dsv'
[0.215s] INFO:colcon.colcon_core.shell:Creating environment hook '/home/nabil/ros2/ros2_nabil/install/my_robot_controller/share/my_robot_controller/hook/ament_prefix_path.sh'
[0.216s] INFO:colcon.colcon_core.shell:Skip shell extension 'powershell' for command environment: Not usable outside of PowerShell
[0.216s] DEBUG:colcon.colcon_core.shell:Skip shell extension 'dsv' for command environment
[0.220s] DEBUG:colcon.colcon_core.event_handler.log_command:Invoking command in '/home/nabil/ros2/ros2_nabil/build/my_robot_description': CMAKE_PREFIX_PATH=${CMAKE_PREFIX_PATH}:/home/nabil/ros2/ros2_ws/install/my_robot_controller:/home/nabil/Desktop/bengalbot1/bengalbot_ws/install/bengalbot_controller:/home/nabil/Desktop/bengalbot1/bengalbot_ws/install/bengalbot:/home/nabil/ros2_ws/install/my_robot_controller:/opt/ros/humble /usr/bin/cmake /home/nabil/ros2/ros2_nabil/src/my_robot_description -DAMENT_CMAKE_SYMLINK_INSTALL=1 -DCMAKE_INSTALL_PREFIX=/home/nabil/ros2/ros2_nabil/install/my_robot_description
[0.337s] INFO:colcon.colcon_core.task.python.build:Building Python package in '/home/nabil/ros2/ros2_nabil/src/my_robot_controller'
[0.338s] INFO:colcon.colcon_core.shell:Skip shell extension 'powershell' for command environment: Not usable outside of PowerShell
[0.338s] DEBUG:colcon.colcon_core.shell:Skip shell extension 'dsv' for command environment
[0.341s] DEBUG:colcon.colcon_core.event_handler.log_command:Invoked command in '/home/nabil/ros2/ros2_nabil/build/my_robot_description' returned '0': CMAKE_PREFIX_PATH=${CMAKE_PREFIX_PATH}:/home/nabil/ros2/ros2_ws/install/my_robot_controller:/home/nabil/Desktop/bengalbot1/bengalbot_ws/install/bengalbot_controller:/home/nabil/Desktop/bengalbot1/bengalbot_ws/install/bengalbot:/home/nabil/ros2_ws/install/my_robot_controller:/opt/ros/humble /usr/bin/cmake /home/nabil/ros2/ros2_nabil/src/my_robot_description -DAMENT_CMAKE_SYMLINK_INSTALL=1 -DCMAKE_INSTALL_PREFIX=/home/nabil/ros2/ros2_nabil/install/my_robot_description
[0.342s] DEBUG:colcon.colcon_core.event_handler.log_command:Invoking command in '/home/nabil/ros2/ros2_nabil/build/my_robot_description': CMAKE_PREFIX_PATH=${CMAKE_PREFIX_PATH}:/home/nabil/ros2/ros2_ws/install/my_robot_controller:/home/nabil/Desktop/bengalbot1/bengalbot_ws/install/bengalbot_controller:/home/nabil/Desktop/bengalbot1/bengalbot_ws/install/bengalbot:/home/nabil/ros2_ws/install/my_robot_controller:/opt/ros/humble /usr/bin/cmake --build /home/nabil/ros2/ros2_nabil/build/my_robot_description -- -j24 -l24
[0.359s] DEBUG:colcon.colcon_core.event_handler.log_command:Invoked command in '/home/nabil/ros2/ros2_nabil/build/my_robot_description' returned '0': CMAKE_PREFIX_PATH=${CMAKE_PREFIX_PATH}:/home/nabil/ros2/ros2_ws/install/my_robot_controller:/home/nabil/Desktop/bengalbot1/bengalbot_ws/install/bengalbot_controller:/home/nabil/Desktop/bengalbot1/bengalbot_ws/install/bengalbot:/home/nabil/ros2_ws/install/my_robot_controller:/opt/ros/humble /usr/bin/cmake --build /home/nabil/ros2/ros2_nabil/build/my_robot_description -- -j24 -l24
[0.371s] DEBUG:colcon.colcon_core.event_handler.log_command:Invoking command in '/home/nabil/ros2/ros2_nabil/build/my_robot_description': CMAKE_PREFIX_PATH=${CMAKE_PREFIX_PATH}:/home/nabil/ros2/ros2_ws/install/my_robot_controller:/home/nabil/Desktop/bengalbot1/bengalbot_ws/install/bengalbot_controller:/home/nabil/Desktop/bengalbot1/bengalbot_ws/install/bengalbot:/home/nabil/ros2_ws/install/my_robot_controller:/opt/ros/humble /usr/bin/cmake --install /home/nabil/ros2/ros2_nabil/build/my_robot_description
[0.453s] Level 1:colcon.colcon_core.environment:create_environment_scripts_only(my_robot_description)
[0.454s] DEBUG:colcon.colcon_core.event_handler.log_command:Invoked command in '/home/nabil/ros2/ros2_nabil/build/my_robot_description' returned '0': CMAKE_PREFIX_PATH=${CMAKE_PREFIX_PATH}:/home/nabil/ros2/ros2_ws/install/my_robot_controller:/home/nabil/Desktop/bengalbot1/bengalbot_ws/install/bengalbot_controller:/home/nabil/Desktop/bengalbot1/bengalbot_ws/install/bengalbot:/home/nabil/ros2_ws/install/my_robot_controller:/opt/ros/humble /usr/bin/cmake --install /home/nabil/ros2/ros2_nabil/build/my_robot_description
[0.455s] Level 1:colcon.colcon_core.environment:checking '/home/nabil/ros2/ros2_nabil/install/my_robot_description' for CMake module files
[0.456s] Level 1:colcon.colcon_core.environment:checking '/home/nabil/ros2/ros2_nabil/install/my_robot_description' for CMake config files
[0.456s] Level 1:colcon.colcon_core.shell:create_environment_hook('my_robot_description', 'cmake_prefix_path')
[0.456s] INFO:colcon.colcon_core.shell:Creating environment hook '/home/nabil/ros2/ros2_nabil/install/my_robot_description/share/my_robot_description/hook/cmake_prefix_path.ps1'
[0.456s] INFO:colcon.colcon_core.shell:Creating environment descriptor '/home/nabil/ros2/ros2_nabil/install/my_robot_description/share/my_robot_description/hook/cmake_prefix_path.dsv'
[0.457s] INFO:colcon.colcon_core.shell:Creating environment hook '/home/nabil/ros2/ros2_nabil/install/my_robot_description/share/my_robot_description/hook/cmake_prefix_path.sh'
[0.457s] Level 1:colcon.colcon_core.environment:checking '/home/nabil/ros2/ros2_nabil/install/my_robot_description/bin'
[0.457s] Level 1:colcon.colcon_core.environment:checking '/home/nabil/ros2/ros2_nabil/install/my_robot_description/lib/pkgconfig/my_robot_description.pc'
[0.457s] Level 1:colcon.colcon_core.environment:checking '/home/nabil/ros2/ros2_nabil/install/my_robot_description/lib/python3.10/site-packages'
[0.457s] Level 1:colcon.colcon_core.environment:checking '/home/nabil/ros2/ros2_nabil/install/my_robot_description/bin'
[0.458s] INFO:colcon.colcon_core.shell:Creating package script '/home/nabil/ros2/ros2_nabil/install/my_robot_description/share/my_robot_description/package.ps1'
[0.458s] INFO:colcon.colcon_core.shell:Creating package descriptor '/home/nabil/ros2/ros2_nabil/install/my_robot_description/share/my_robot_description/package.dsv'
[0.458s] INFO:colcon.colcon_core.shell:Creating package script '/home/nabil/ros2/ros2_nabil/install/my_robot_description/share/my_robot_description/package.sh'
[0.458s] INFO:colcon.colcon_core.shell:Creating package script '/home/nabil/ros2/ros2_nabil/install/my_robot_description/share/my_robot_description/package.bash'
[0.459s] INFO:colcon.colcon_core.shell:Creating package script '/home/nabil/ros2/ros2_nabil/install/my_robot_description/share/my_robot_description/package.zsh'
[0.459s] Level 1:colcon.colcon_core.environment:create_file_with_runtime_dependencies(/home/nabil/ros2/ros2_nabil/install/my_robot_description/share/colcon-core/packages/my_robot_description)
[0.468s] Level 1:colcon.colcon_core.environment:create_environment_scripts_only(my_robot_description)
[0.469s] Level 1:colcon.colcon_core.environment:checking '/home/nabil/ros2/ros2_nabil/install/my_robot_description' for CMake module files
[0.469s] Level 1:colcon.colcon_core.environment:checking '/home/nabil/ros2/ros2_nabil/install/my_robot_description' for CMake config files
[0.469s] Level 1:colcon.colcon_core.shell:create_environment_hook('my_robot_description', 'cmake_prefix_path')
[0.469s] INFO:colcon.colcon_core.shell:Creating environment hook '/home/nabil/ros2/ros2_nabil/install/my_robot_description/share/my_robot_description/hook/cmake_prefix_path.ps1'
[0.470s] INFO:colcon.colcon_core.shell:Creating environment descriptor '/home/nabil/ros2/ros2_nabil/install/my_robot_description/share/my_robot_description/hook/cmake_prefix_path.dsv'
[0.470s] INFO:colcon.colcon_core.shell:Creating environment hook '/home/nabil/ros2/ros2_nabil/install/my_robot_description/share/my_robot_description/hook/cmake_prefix_path.sh'
[0.470s] Level 1:colcon.colcon_core.environment:checking '/home/nabil/ros2/ros2_nabil/install/my_robot_description/bin'
[0.470s] Level 1:colcon.colcon_core.environment:checking '/home/nabil/ros2/ros2_nabil/install/my_robot_description/lib/pkgconfig/my_robot_description.pc'
[0.470s] Level 1:colcon.colcon_core.environment:checking '/home/nabil/ros2/ros2_nabil/install/my_robot_description/lib/python3.10/site-packages'
[0.470s] Level 1:colcon.colcon_core.environment:checking '/home/nabil/ros2/ros2_nabil/install/my_robot_description/bin'
[0.471s] INFO:colcon.colcon_core.shell:Creating package script '/home/nabil/ros2/ros2_nabil/install/my_robot_description/share/my_robot_description/package.ps1'
[0.471s] INFO:colcon.colcon_core.shell:Creating package descriptor '/home/nabil/ros2/ros2_nabil/install/my_robot_description/share/my_robot_description/package.dsv'
[0.471s] INFO:colcon.colcon_core.shell:Creating package script '/home/nabil/ros2/ros2_nabil/install/my_robot_description/share/my_robot_description/package.sh'
[0.471s] INFO:colcon.colcon_core.shell:Creating package script '/home/nabil/ros2/ros2_nabil/install/my_robot_description/share/my_robot_description/package.bash'
[0.471s] INFO:colcon.colcon_core.shell:Creating package script '/home/nabil/ros2/ros2_nabil/install/my_robot_description/share/my_robot_description/package.zsh'
[0.472s] Level 1:colcon.colcon_core.environment:create_file_with_runtime_dependencies(/home/nabil/ros2/ros2_nabil/install/my_robot_description/share/colcon-core/packages/my_robot_description)
[0.472s] INFO:colcon.colcon_ros.task.ament_cmake.build:Building ROS package in '/home/nabil/ros2/ros2_nabil/src/my_robot_bringup' with build type 'ament_cmake'
[0.472s] INFO:colcon.colcon_cmake.task.cmake.build:Building CMake package in '/home/nabil/ros2/ros2_nabil/src/my_robot_bringup'
[0.472s] INFO:colcon.colcon_core.shell:Skip shell extension 'powershell' for command environment: Not usable outside of PowerShell
[0.472s] DEBUG:colcon.colcon_core.shell:Skip shell extension 'dsv' for command environment
[0.477s] DEBUG:colcon.colcon_core.event_handler.log_command:Invoking command in '/home/nabil/ros2/ros2_nabil/build/my_robot_bringup': AMENT_PREFIX_PATH=/home/nabil/ros2/ros2_nabil/install/my_robot_description:${AMENT_PREFIX_PATH} CMAKE_PREFIX_PATH=/home/nabil/ros2/ros2_nabil/install/my_robot_description:/home/nabil/ros2/ros2_ws/install/my_robot_bringup:/home/nabil/ros2/ros2_ws/install/my_robot_description:/home/nabil/Desktop/bengalbot1/bengalbot_ws/install/bengalbot_description:/home/nabil/Desktop/bengalbot1/bengalbot_ws/install/bengalbot_bringup:/home/nabil/turtlebot3_ws/install/turtlebot3_simulations:/home/nabil/turtlebot3_ws/install/turtlebot3_gazebo:/home/nabil/turtlebot3_ws/install/turtlebot3_fake_node:/home/nabil/ros2_ws/install/my_robot_bringup:/home/nabil/ros2_ws/install/my_robot_description:/home/nabil/ros2/ros2_ws/install/my_robot_controller:/home/nabil/Desktop/bengalbot1/bengalbot_ws/install/bengalbot_controller:/home/nabil/Desktop/bengalbot1/bengalbot_ws/install/bengalbot:/home/nabil/ros2_ws/install/my_robot_controller:/opt/ros/humble /usr/bin/cmake /home/nabil/ros2/ros2_nabil/src/my_robot_bringup -DAMENT_CMAKE_SYMLINK_INSTALL=1 -DCMAKE_INSTALL_PREFIX=/home/nabil/ros2/ros2_nabil/install/my_robot_bringup
[0.513s] DEBUG:colcon.colcon_core.task.python.build:While undoing a previous installation files outside the Python library path are being ignored: /home/nabil/ros2/ros2_nabil/install/my_robot_controller/share/ament_index/resource_index/packages/my_robot_controller
[0.513s] DEBUG:colcon.colcon_core.task.python.build:While undoing a previous installation files outside the Python library path are being ignored: /home/nabil/ros2/ros2_nabil/install/my_robot_controller/share/my_robot_controller/package.xml
[0.513s] DEBUG:colcon.colcon_core.task.python.build:While undoing a previous installation files outside the Python library path are being ignored: /home/nabil/ros2/ros2_nabil/install/my_robot_controller/lib/my_robot_controller/diff_drive_robot
[0.514s] DEBUG:colcon.colcon_core.event_handler.log_command:Invoking command in '/home/nabil/ros2/ros2_nabil/build/my_robot_controller': PYTHONPATH=/home/nabil/ros2/ros2_nabil/build/my_robot_controller/prefix_override:/home/nabil/ros2/ros2_nabil/install/my_robot_controller/lib/python3.10/site-packages:${PYTHONPATH} /usr/bin/python3 setup.py develop --editable --build-directory /home/nabil/ros2/ros2_nabil/build/my_robot_controller/build --no-deps install_data
[0.585s] DEBUG:colcon.colcon_core.event_handler.log_command:Invoked command in '/home/nabil/ros2/ros2_nabil/build/my_robot_bringup' returned '0': AMENT_PREFIX_PATH=/home/nabil/ros2/ros2_nabil/install/my_robot_description:${AMENT_PREFIX_PATH} CMAKE_PREFIX_PATH=/home/nabil/ros2/ros2_nabil/install/my_robot_description:/home/nabil/ros2/ros2_ws/install/my_robot_bringup:/home/nabil/ros2/ros2_ws/install/my_robot_description:/home/nabil/Desktop/bengalbot1/bengalbot_ws/install/bengalbot_description:/home/nabil/Desktop/bengalbot1/bengalbot_ws/install/bengalbot_bringup:/home/nabil/turtlebot3_ws/install/turtlebot3_simulations:/home/nabil/turtlebot3_ws/install/turtlebot3_gazebo:/home/nabil/turtlebot3_ws/install/turtlebot3_fake_node:/home/nabil/ros2_ws/install/my_robot_bringup:/home/nabil/ros2_ws/install/my_robot_description:/home/nabil/ros2/ros2_ws/install/my_robot_controller:/home/nabil/Desktop/bengalbot1/bengalbot_ws/install/bengalbot_controller:/home/nabil/Desktop/bengalbot1/bengalbot_ws/install/bengalbot:/home/nabil/ros2_ws/install/my_robot_controller:/opt/ros/humble /usr/bin/cmake /home/nabil/ros2/ros2_nabil/src/my_robot_bringup -DAMENT_CMAKE_SYMLINK_INSTALL=1 -DCMAKE_INSTALL_PREFIX=/home/nabil/ros2/ros2_nabil/install/my_robot_bringup
[0.586s] DEBUG:colcon.colcon_core.event_handler.log_command:Invoking command in '/home/nabil/ros2/ros2_nabil/build/my_robot_bringup': AMENT_PREFIX_PATH=/home/nabil/ros2/ros2_nabil/install/my_robot_description:${AMENT_PREFIX_PATH} CMAKE_PREFIX_PATH=/home/nabil/ros2/ros2_nabil/install/my_robot_description:/home/nabil/ros2/ros2_ws/install/my_robot_bringup:/home/nabil/ros2/ros2_ws/install/my_robot_description:/home/nabil/Desktop/bengalbot1/bengalbot_ws/install/bengalbot_description:/home/nabil/Desktop/bengalbot1/bengalbot_ws/install/bengalbot_bringup:/home/nabil/turtlebot3_ws/install/turtlebot3_simulations:/home/nabil/turtlebot3_ws/install/turtlebot3_gazebo:/home/nabil/turtlebot3_ws/install/turtlebot3_fake_node:/home/nabil/ros2_ws/install/my_robot_bringup:/home/nabil/ros2_ws/install/my_robot_description:/home/nabil/ros2/ros2_ws/install/my_robot_controller:/home/nabil/Desktop/bengalbot1/bengalbot_ws/install/bengalbot_controller:/home/nabil/Desktop/bengalbot1/bengalbot_ws/install/bengalbot:/home/nabil/ros2_ws/install/my_robot_controller:/opt/ros/humble /usr/bin/cmake --build /home/nabil/ros2/ros2_nabil/build/my_robot_bringup -- -j24 -l24
[0.602s] DEBUG:colcon.colcon_core.event_handler.log_command:Invoked command in '/home/nabil/ros2/ros2_nabil/build/my_robot_bringup' returned '0': AMENT_PREFIX_PATH=/home/nabil/ros2/ros2_nabil/install/my_robot_description:${AMENT_PREFIX_PATH} CMAKE_PREFIX_PATH=/home/nabil/ros2/ros2_nabil/install/my_robot_description:/home/nabil/ros2/ros2_ws/install/my_robot_bringup:/home/nabil/ros2/ros2_ws/install/my_robot_description:/home/nabil/Desktop/bengalbot1/bengalbot_ws/install/bengalbot_description:/home/nabil/Desktop/bengalbot1/bengalbot_ws/install/bengalbot_bringup:/home/nabil/turtlebot3_ws/install/turtlebot3_simulations:/home/nabil/turtlebot3_ws/install/turtlebot3_gazebo:/home/nabil/turtlebot3_ws/install/turtlebot3_fake_node:/home/nabil/ros2_ws/install/my_robot_bringup:/home/nabil/ros2_ws/install/my_robot_description:/home/nabil/ros2/ros2_ws/install/my_robot_controller:/home/nabil/Desktop/bengalbot1/bengalbot_ws/install/bengalbot_controller:/home/nabil/Desktop/bengalbot1/bengalbot_ws/install/bengalbot:/home/nabil/ros2_ws/install/my_robot_controller:/opt/ros/humble /usr/bin/cmake --build /home/nabil/ros2/ros2_nabil/build/my_robot_bringup -- -j24 -l24
[0.610s] DEBUG:colcon.colcon_core.event_handler.log_command:Invoking command in '/home/nabil/ros2/ros2_nabil/build/my_robot_bringup': AMENT_PREFIX_PATH=/home/nabil/ros2/ros2_nabil/install/my_robot_description:${AMENT_PREFIX_PATH} CMAKE_PREFIX_PATH=/home/nabil/ros2/ros2_nabil/install/my_robot_description:/home/nabil/ros2/ros2_ws/install/my_robot_bringup:/home/nabil/ros2/ros2_ws/install/my_robot_description:/home/nabil/Desktop/bengalbot1/bengalbot_ws/install/bengalbot_description:/home/nabil/Desktop/bengalbot1/bengalbot_ws/install/bengalbot_bringup:/home/nabil/turtlebot3_ws/install/turtlebot3_simulations:/home/nabil/turtlebot3_ws/install/turtlebot3_gazebo:/home/nabil/turtlebot3_ws/install/turtlebot3_fake_node:/home/nabil/ros2_ws/install/my_robot_bringup:/home/nabil/ros2_ws/install/my_robot_description:/home/nabil/ros2/ros2_ws/install/my_robot_controller:/home/nabil/Desktop/bengalbot1/bengalbot_ws/install/bengalbot_controller:/home/nabil/Desktop/bengalbot1/bengalbot_ws/install/bengalbot:/home/nabil/ros2_ws/install/my_robot_controller:/opt/ros/humble /usr/bin/cmake --install /home/nabil/ros2/ros2_nabil/build/my_robot_bringup
[0.678s] Level 1:colcon.colcon_core.environment:create_environment_scripts_only(my_robot_bringup)
[0.679s] Level 1:colcon.colcon_core.environment:checking '/home/nabil/ros2/ros2_nabil/install/my_robot_bringup' for CMake module files
[0.679s] DEBUG:colcon.colcon_core.event_handler.log_command:Invoked command in '/home/nabil/ros2/ros2_nabil/build/my_robot_bringup' returned '0': AMENT_PREFIX_PATH=/home/nabil/ros2/ros2_nabil/install/my_robot_description:${AMENT_PREFIX_PATH} CMAKE_PREFIX_PATH=/home/nabil/ros2/ros2_nabil/install/my_robot_description:/home/nabil/ros2/ros2_ws/install/my_robot_bringup:/home/nabil/ros2/ros2_ws/install/my_robot_description:/home/nabil/Desktop/bengalbot1/bengalbot_ws/install/bengalbot_description:/home/nabil/Desktop/bengalbot1/bengalbot_ws/install/bengalbot_bringup:/home/nabil/turtlebot3_ws/install/turtlebot3_simulations:/home/nabil/turtlebot3_ws/install/turtlebot3_gazebo:/home/nabil/turtlebot3_ws/install/turtlebot3_fake_node:/home/nabil/ros2_ws/install/my_robot_bringup:/home/nabil/ros2_ws/install/my_robot_description:/home/nabil/ros2/ros2_ws/install/my_robot_controller:/home/nabil/Desktop/bengalbot1/bengalbot_ws/install/bengalbot_controller:/home/nabil/Desktop/bengalbot1/bengalbot_ws/install/bengalbot:/home/nabil/ros2_ws/install/my_robot_controller:/opt/ros/humble /usr/bin/cmake --install /home/nabil/ros2/ros2_nabil/build/my_robot_bringup
[0.679s] Level 1:colcon.colcon_core.environment:checking '/home/nabil/ros2/ros2_nabil/install/my_robot_bringup' for CMake config files
[0.679s] Level 1:colcon.colcon_core.shell:create_environment_hook('my_robot_bringup', 'cmake_prefix_path')
[0.680s] INFO:colcon.colcon_core.shell:Creating environment hook '/home/nabil/ros2/ros2_nabil/install/my_robot_bringup/share/my_robot_bringup/hook/cmake_prefix_path.ps1'
[0.680s] INFO:colcon.colcon_core.shell:Creating environment descriptor '/home/nabil/ros2/ros2_nabil/install/my_robot_bringup/share/my_robot_bringup/hook/cmake_prefix_path.dsv'
[0.680s] INFO:colcon.colcon_core.shell:Creating environment hook '/home/nabil/ros2/ros2_nabil/install/my_robot_bringup/share/my_robot_bringup/hook/cmake_prefix_path.sh'
[0.680s] Level 1:colcon.colcon_core.environment:checking '/home/nabil/ros2/ros2_nabil/install/my_robot_bringup/bin'
[0.680s] Level 1:colcon.colcon_core.environment:checking '/home/nabil/ros2/ros2_nabil/install/my_robot_bringup/lib/pkgconfig/my_robot_bringup.pc'
[0.680s] Level 1:colcon.colcon_core.environment:checking '/home/nabil/ros2/ros2_nabil/install/my_robot_bringup/lib/python3.10/site-packages'
[0.680s] Level 1:colcon.colcon_core.environment:checking '/home/nabil/ros2/ros2_nabil/install/my_robot_bringup/bin'
[0.681s] INFO:colcon.colcon_core.shell:Creating package script '/home/nabil/ros2/ros2_nabil/install/my_robot_bringup/share/my_robot_bringup/package.ps1'
[0.681s] INFO:colcon.colcon_core.shell:Creating package descriptor '/home/nabil/ros2/ros2_nabil/install/my_robot_bringup/share/my_robot_bringup/package.dsv'
[0.681s] INFO:colcon.colcon_core.shell:Creating package script '/home/nabil/ros2/ros2_nabil/install/my_robot_bringup/share/my_robot_bringup/package.sh'
[0.681s] INFO:colcon.colcon_core.shell:Creating package script '/home/nabil/ros2/ros2_nabil/install/my_robot_bringup/share/my_robot_bringup/package.bash'
[0.681s] INFO:colcon.colcon_core.shell:Creating package script '/home/nabil/ros2/ros2_nabil/install/my_robot_bringup/share/my_robot_bringup/package.zsh'
[0.682s] Level 1:colcon.colcon_core.environment:create_file_with_runtime_dependencies(/home/nabil/ros2/ros2_nabil/install/my_robot_bringup/share/colcon-core/packages/my_robot_bringup)
[0.691s] Level 1:colcon.colcon_core.environment:create_environment_scripts_only(my_robot_bringup)
[0.691s] Level 1:colcon.colcon_core.environment:checking '/home/nabil/ros2/ros2_nabil/install/my_robot_bringup' for CMake module files
[0.692s] Level 1:colcon.colcon_core.environment:checking '/home/nabil/ros2/ros2_nabil/install/my_robot_bringup' for CMake config files
[0.692s] Level 1:colcon.colcon_core.shell:create_environment_hook('my_robot_bringup', 'cmake_prefix_path')
[0.692s] INFO:colcon.colcon_core.shell:Creating environment hook '/home/nabil/ros2/ros2_nabil/install/my_robot_bringup/share/my_robot_bringup/hook/cmake_prefix_path.ps1'
[0.692s] INFO:colcon.colcon_core.shell:Creating environment descriptor '/home/nabil/ros2/ros2_nabil/install/my_robot_bringup/share/my_robot_bringup/hook/cmake_prefix_path.dsv'
[0.692s] INFO:colcon.colcon_core.shell:Creating environment hook '/home/nabil/ros2/ros2_nabil/install/my_robot_bringup/share/my_robot_bringup/hook/cmake_prefix_path.sh'
[0.693s] Level 1:colcon.colcon_core.environment:checking '/home/nabil/ros2/ros2_nabil/install/my_robot_bringup/bin'
[0.693s] Level 1:colcon.colcon_core.environment:checking '/home/nabil/ros2/ros2_nabil/install/my_robot_bringup/lib/pkgconfig/my_robot_bringup.pc'
[0.693s] Level 1:colcon.colcon_core.environment:checking '/home/nabil/ros2/ros2_nabil/install/my_robot_bringup/lib/python3.10/site-packages'
[0.693s] Level 1:colcon.colcon_core.environment:checking '/home/nabil/ros2/ros2_nabil/install/my_robot_bringup/bin'
[0.694s] INFO:colcon.colcon_core.shell:Creating package script '/home/nabil/ros2/ros2_nabil/install/my_robot_bringup/share/my_robot_bringup/package.ps1'
[0.694s] INFO:colcon.colcon_core.shell:Creating package descriptor '/home/nabil/ros2/ros2_nabil/install/my_robot_bringup/share/my_robot_bringup/package.dsv'
[0.694s] INFO:colcon.colcon_core.shell:Creating package script '/home/nabil/ros2/ros2_nabil/install/my_robot_bringup/share/my_robot_bringup/package.sh'
[0.694s] INFO:colcon.colcon_core.shell:Creating package script '/home/nabil/ros2/ros2_nabil/install/my_robot_bringup/share/my_robot_bringup/package.bash'
[0.694s] INFO:colcon.colcon_core.shell:Creating package script '/home/nabil/ros2/ros2_nabil/install/my_robot_bringup/share/my_robot_bringup/package.zsh'
[0.694s] Level 1:colcon.colcon_core.environment:create_file_with_runtime_dependencies(/home/nabil/ros2/ros2_nabil/install/my_robot_bringup/share/colcon-core/packages/my_robot_bringup)
[0.716s] Level 1:colcon.colcon_core.shell:create_environment_hook('my_robot_controller', 'pythonpath_develop')
[0.716s] INFO:colcon.colcon_core.shell:Creating environment hook '/home/nabil/ros2/ros2_nabil/build/my_robot_controller/share/my_robot_controller/hook/pythonpath_develop.ps1'
[0.717s] DEBUG:colcon.colcon_core.event_handler.log_command:Invoked command in '/home/nabil/ros2/ros2_nabil/build/my_robot_controller' returned '0': PYTHONPATH=/home/nabil/ros2/ros2_nabil/build/my_robot_controller/prefix_override:/home/nabil/ros2/ros2_nabil/install/my_robot_controller/lib/python3.10/site-packages:${PYTHONPATH} /usr/bin/python3 setup.py develop --editable --build-directory /home/nabil/ros2/ros2_nabil/build/my_robot_controller/build --no-deps install_data
[0.717s] INFO:colcon.colcon_core.shell:Creating environment descriptor '/home/nabil/ros2/ros2_nabil/build/my_robot_controller/share/my_robot_controller/hook/pythonpath_develop.dsv'
[0.717s] INFO:colcon.colcon_core.shell:Creating environment hook '/home/nabil/ros2/ros2_nabil/build/my_robot_controller/share/my_robot_controller/hook/pythonpath_develop.sh'
[0.718s] Level 1:colcon.colcon_core.environment:checking '/home/nabil/ros2/ros2_nabil/install/my_robot_controller' for CMake module files
[0.718s] Level 1:colcon.colcon_core.environment:checking '/home/nabil/ros2/ros2_nabil/install/my_robot_controller' for CMake config files
[0.718s] Level 1:colcon.colcon_core.environment:checking '/home/nabil/ros2/ros2_nabil/install/my_robot_controller/lib'
[0.718s] Level 1:colcon.colcon_core.environment:checking '/home/nabil/ros2/ros2_nabil/install/my_robot_controller/bin'
[0.718s] Level 1:colcon.colcon_core.environment:checking '/home/nabil/ros2/ros2_nabil/install/my_robot_controller/lib/pkgconfig/my_robot_controller.pc'
[0.718s] Level 1:colcon.colcon_core.environment:checking '/home/nabil/ros2/ros2_nabil/install/my_robot_controller/lib/python3.10/site-packages'
[0.718s] Level 1:colcon.colcon_core.shell:create_environment_hook('my_robot_controller', 'pythonpath')
[0.719s] INFO:colcon.colcon_core.shell:Creating environment hook '/home/nabil/ros2/ros2_nabil/install/my_robot_controller/share/my_robot_controller/hook/pythonpath.ps1'
[0.719s] INFO:colcon.colcon_core.shell:Creating environment descriptor '/home/nabil/ros2/ros2_nabil/install/my_robot_controller/share/my_robot_controller/hook/pythonpath.dsv'
[0.719s] INFO:colcon.colcon_core.shell:Creating environment hook '/home/nabil/ros2/ros2_nabil/install/my_robot_controller/share/my_robot_controller/hook/pythonpath.sh'
[0.720s] Level 1:colcon.colcon_core.environment:checking '/home/nabil/ros2/ros2_nabil/install/my_robot_controller/bin'
[0.720s] Level 1:colcon.colcon_core.environment:create_environment_scripts_only(my_robot_controller)
[0.720s] INFO:colcon.colcon_core.shell:Creating package script '/home/nabil/ros2/ros2_nabil/install/my_robot_controller/share/my_robot_controller/package.ps1'
[0.720s] INFO:colcon.colcon_core.shell:Creating package descriptor '/home/nabil/ros2/ros2_nabil/install/my_robot_controller/share/my_robot_controller/package.dsv'
[0.720s] INFO:colcon.colcon_core.shell:Creating package script '/home/nabil/ros2/ros2_nabil/install/my_robot_controller/share/my_robot_controller/package.sh'
[0.721s] INFO:colcon.colcon_core.shell:Creating package script '/home/nabil/ros2/ros2_nabil/install/my_robot_controller/share/my_robot_controller/package.bash'
[0.721s] INFO:colcon.colcon_core.shell:Creating package script '/home/nabil/ros2/ros2_nabil/install/my_robot_controller/share/my_robot_controller/package.zsh'
[0.721s] Level 1:colcon.colcon_core.environment:create_file_with_runtime_dependencies(/home/nabil/ros2/ros2_nabil/install/my_robot_controller/share/colcon-core/packages/my_robot_controller)
[0.721s] DEBUG:colcon.colcon_parallel_executor.executor.parallel:closing loop
[0.721s] DEBUG:colcon.colcon_parallel_executor.executor.parallel:loop closed
[0.721s] DEBUG:colcon.colcon_parallel_executor.executor.parallel:run_until_complete finished with '0'
[0.721s] DEBUG:colcon.colcon_core.event_reactor:joining thread
[0.724s] INFO:colcon.colcon_core.plugin_system:Skipping extension 'colcon_notification.desktop_notification.terminal_notifier': Not used on non-Darwin systems
[0.724s] INFO:colcon.colcon_core.plugin_system:Skipping extension 'colcon_notification.desktop_notification.win32': Not used on non-Windows systems
[0.724s] INFO:colcon.colcon_notification.desktop_notification:Sending desktop notification using 'notify2'
[0.732s] DEBUG:colcon.colcon_core.event_reactor:joined thread
[0.733s] INFO:colcon.colcon_core.shell:Creating prefix script '/home/nabil/ros2/ros2_nabil/install/local_setup.ps1'
[0.734s] INFO:colcon.colcon_core.shell:Creating prefix util module '/home/nabil/ros2/ros2_nabil/install/_local_setup_util_ps1.py'
[0.735s] INFO:colcon.colcon_core.shell:Creating prefix chain script '/home/nabil/ros2/ros2_nabil/install/setup.ps1'
[0.736s] INFO:colcon.colcon_core.shell:Creating prefix script '/home/nabil/ros2/ros2_nabil/install/local_setup.sh'
[0.736s] INFO:colcon.colcon_core.shell:Creating prefix util module '/home/nabil/ros2/ros2_nabil/install/_local_setup_util_sh.py'
[0.737s] INFO:colcon.colcon_core.shell:Creating prefix chain script '/home/nabil/ros2/ros2_nabil/install/setup.sh'
[0.738s] INFO:colcon.colcon_core.shell:Creating prefix script '/home/nabil/ros2/ros2_nabil/install/local_setup.bash'
[0.738s] INFO:colcon.colcon_core.shell:Creating prefix chain script '/home/nabil/ros2/ros2_nabil/install/setup.bash'
[0.739s] INFO:colcon.colcon_core.shell:Creating prefix script '/home/nabil/ros2/ros2_nabil/install/local_setup.zsh'
[0.739s] INFO:colcon.colcon_core.shell:Creating prefix chain script '/home/nabil/ros2/ros2_nabil/install/setup.zsh'
